10 [22441869195136] INFO perfrun.launcher <> - Launcher main begin
65 [22441869195136] INFO perfrun.launcher <> - MessageCatalogInit finished
65 [22441869195136] INFO perfrun.launcher <> - Launcher instance created
65 [22441869195136] INFO perfrun.launcher <> - argc = 6; cmdline = /APP/u22/x86/intel/oneapi2023.2/vtune/2023.2.0/bin64/amplxe-runss -dump-vdso -r /tmp/amplxe-tmp-sysu_hpcscc_2/amplxe-res-226348-7876971377434301 --tmp-dir /tmp/amplxe-tmp-sysu_hpcscc_2 
129 [22441869195136] INFO perfrun.launcher <> - create msngr2::ICliToolContext
129 [22441869195136] INFO perfrun.launcher <> - create file finder object
154 [22441719739968] INFO perfrun.launcher <> - plugin [remoteplug] was disabled because it doesn't support the given collection type.
154 [22441719739968] INFO perfrun.launcher <> - plugin [system] was disabled because it doesn't support the given collection type.
154 [22441719739968] INFO perfrun.vdso <> - dumping [vdso] pseudomodule
156 [22441719739968] INFO perfrun.launcher <> - plugin [itt] was disabled because it doesn't support the given collection type.
156 [22441719739968] INFO perfrun.launcher <> - plugin [ptracecollector] was disabled because it doesn't support the given collection type.
156 [22441719739968] INFO perfrun.launcher <> - plugin [gpu] was disabled because it doesn't support the given collection type.
156 [22441719739968] INFO perfrun.launcher <> - plugin [] was disabled because it doesn't support the given collection type.
156 [22441719739968] INFO perfrun.launcher <> - plugin [] was disabled because it doesn't support the given collection type.
156 [22441719739968] INFO perfrun.launcher <> - plugin [] was disabled because it doesn't support the given collection type.
156 [22441719739968] INFO perfrun.launcher <> - plugin [mrte] was disabled because it doesn't support the given collection type.
156 [22441719739968] INFO perfrun.launcher <> - plugin [emon] was disabled because it doesn't support the given collection type.
156 [22441719739968] INFO perfrun.launcher <> - plugin [cuscol] was disabled because it doesn't support the given collection type.
156 [22441719739968] INFO perfrun.launcher <> - plugin [stdsrc] was disabled because it doesn't support the given collection type.
156 [22441719739968] INFO perfrun.launcher <> - plugin [sep] was disabled because it doesn't support the given collection type.
156 [22441719739968] INFO perfrun.launcher <> - plugin [vtsspp] was disabled because it doesn't support the given collection type.
156 [22441719739968] INFO perfrun.launcher <> - plugin [perf] was disabled because it doesn't support the given collection type.
156 [22441719739968] INFO perfrun.launcher <> - plugin [aoclprofile] was disabled because it doesn't support the given collection type.
156 [22441719739968] INFO perfrun.launcher <> - plugin [tpss] was disabled because it doesn't support the given collection type.
157 [22441719739968] INFO perfrun.launcher <> - plugin [media] was disabled because it doesn't support the given collection type.
157 [22441719739968] INFO perfrun.launcher <> - plugin [] was disabled because it doesn't support the given collection type.
157 [22441719739968] INFO perfrun.launcher <> - plugin [] was disabled because it doesn't support the given collection type.
157 [22441719739968] INFO perfrun.launcher <> - plugin [parallelfs] was disabled because it doesn't support the given collection type.
157 [22441719739968] INFO perfrun.launcher <> - plugin [power] was disabled because it doesn't support the given collection type.
157 [22441719739968] INFO perfrun.launcher <> - plugin [hwloc] was disabled because it doesn't support the given collection type.
157 [22441719739968] INFO perfrun.launcher <> - plugin [ipmwatch] was disabled because it doesn't support the given collection type.
157 [22441719739968] INFO perfrun.launcher <> - plugin [os_counters] was disabled because it doesn't support the given collection type.
157 [22441719739968] INFO perfrun.launcher <> - plugin [l0_metrics] was disabled because it doesn't support the given collection type.
157 [22441869195136] INFO perfrun.launcher <> - Application exit code: 0
157 [22441869195136] INFO perfrun.launcher <> - Exit code: 0
