==========================================
 
See documentation/faq.html and documentation/bugreporting.html
for help with installation problems.  Please send EVERYTHING
printed out below when reporting problems.  Please check the
mailing list archives and consider subscribing.
 
  https://petsc.org/release/community/mailing/
 
==========================================
Starting make run on ln201 at Thu, 29 Aug 2024 15:43:58 +0800
Machine characteristics: Linux ln201 5.15.0-78-th-ln #49 SMP Wed Jul 3 15:24:14 CST 2024 x86_64 x86_64 x86_64 GNU/Linux
-----------------------------------------
Using PETSc directory: /GLOBALFS/sysu_hpcscc_2/zhj/OpenCAEPoro_rep/depend-install/petsc-3.19.3
Using PETSc arch: petsc_install
-----------------------------------------
PETSC_VERSION_RELEASE    1
PETSC_VERSION_MAJOR      3
PETSC_VERSION_MINOR      19
PETSC_VERSION_SUBMINOR   3
PETSC_VERSION_DATE       "Jun 29, 2023"
PETSC_VERSION_GIT        "v3.19.3"
PETSC_VERSION_DATE_GIT   "2023-06-29 11:02:23 -0500"
-----------------------------------------
Using configure Options: CC=mpicc CXX=mpicxx FC=mpifort --with-fortran-bindings=0 --with-hypre-dir=/GLOBALFS/sysu_hpcscc_2/zhj/OpenCAEPoro_rep/depend-install/hypre-2.28.0/install --with-debugging=0 CFLAGS=-O3 -xHost
Using configuration flags:
#define PETSC_ARCH "petsc_install"
#define PETSC_ATTRIBUTEALIGNED(size) __attribute((aligned(size)))
#define PETSC_BLASLAPACK_UNDERSCORE 1
#define PETSC_CLANGUAGE_C 1
#define PETSC_CXX_RESTRICT __restrict
#define PETSC_DEPRECATED_ENUM(why) __attribute__((deprecated))
#define PETSC_DEPRECATED_FUNCTION(why) __attribute__((deprecated))
#define PETSC_DEPRECATED_MACRO(why) _Pragma(why)
#define PETSC_DEPRECATED_TYPEDEF(why) __attribute__((deprecated))
#define PETSC_DIR "/GLOBALFS/sysu_hpcscc_2/zhj/OpenCAEPoro_rep/depend-install/petsc-3.19.3"
#define PETSC_DIR_SEPARATOR '/'
#define PETSC_FORTRAN_CHARLEN_T int
#define PETSC_FORTRAN_TYPE_INITIALIZE  = -2
#define PETSC_FUNCTION_NAME_C __func__
#define PETSC_FUNCTION_NAME_CXX __func__
#define PETSC_HAVE_ACCESS 1
#define PETSC_HAVE_ATOLL 1
#define PETSC_HAVE_ATTRIBUTEALIGNED 1
#define PETSC_HAVE_BUILTIN_EXPECT 1
#define PETSC_HAVE_BZERO 1
#define PETSC_HAVE_C99_COMPLEX 1
#define PETSC_HAVE_CLOCK 1
#define PETSC_HAVE_CXX 1
#define PETSC_HAVE_CXX_ATOMIC 1
#define PETSC_HAVE_CXX_COMPLEX 1
#define PETSC_HAVE_CXX_COMPLEX_FIX 1
#define PETSC_HAVE_CXX_DIALECT_CXX11 1
#define PETSC_HAVE_CXX_DIALECT_CXX14 1
#define PETSC_HAVE_CXX_DIALECT_CXX17 1
#define PETSC_HAVE_DLADDR 1
#define PETSC_HAVE_DLCLOSE 1
#define PETSC_HAVE_DLERROR 1
#define PETSC_HAVE_DLFCN_H 1
#define PETSC_HAVE_DLOPEN 1
#define PETSC_HAVE_DLSYM 1
#define PETSC_HAVE_DOUBLE_ALIGN_MALLOC 1
#define PETSC_HAVE_DRAND48 1
#define PETSC_HAVE_DYNAMIC_LIBRARIES 1
#define PETSC_HAVE_ERF 1
#define PETSC_HAVE_EXECUTABLE_EXPORT 1
#define PETSC_HAVE_FCNTL_H 1
#define PETSC_HAVE_FENV_H 1
#define PETSC_HAVE_FE_VALUES 1
#define PETSC_HAVE_FLOAT_H 1
#define PETSC_HAVE_FORK 1
#define PETSC_HAVE_FORTRAN_FLUSH 1
#define PETSC_HAVE_FORTRAN_FREE_LINE_LENGTH_NONE 1
#define PETSC_HAVE_FORTRAN_GET_COMMAND_ARGUMENT 1
#define PETSC_HAVE_FORTRAN_TYPE_STAR 1
#define PETSC_HAVE_FORTRAN_UNDERSCORE 1
#define PETSC_HAVE_GETCWD 1
#define PETSC_HAVE_GETDOMAINNAME 1
#define PETSC_HAVE_GETHOSTBYNAME 1
#define PETSC_HAVE_GETHOSTNAME 1
#define PETSC_HAVE_GETPAGESIZE 1
#define PETSC_HAVE_GETRUSAGE 1
#define PETSC_HAVE_HYPRE 1
#define PETSC_HAVE_IMMINTRIN_H 1
#define PETSC_HAVE_INTTYPES_H 1
#define PETSC_HAVE_ISINF 1
#define PETSC_HAVE_ISNAN 1
#define PETSC_HAVE_ISNORMAL 1
#define PETSC_HAVE_LGAMMA 1
#define PETSC_HAVE_LOG2 1
#define PETSC_HAVE_LSEEK 1
#define PETSC_HAVE_MALLOC_H 1
#define PETSC_HAVE_MEMMOVE 1
#define PETSC_HAVE_MKL_INCLUDES 1
#define PETSC_HAVE_MKL_LIBS 1
#define PETSC_HAVE_MKL_SPARSE 1
#define PETSC_HAVE_MKL_SPARSE_OPTIMIZE 1
#define PETSC_HAVE_MKL_SPARSE_SP2M_FEATURE 1
#define PETSC_HAVE_MKSTEMP 1
#define PETSC_HAVE_MMAP 1
#define PETSC_HAVE_MPICH_NUMVERSION 40102300
#define PETSC_HAVE_MPIIO 1
#define PETSC_HAVE_MPI_COMBINER_CONTIGUOUS 1
#define PETSC_HAVE_MPI_COMBINER_DUP 1
#define PETSC_HAVE_MPI_COMBINER_NAMED 1
#define PETSC_HAVE_MPI_F90MODULE 1
#define PETSC_HAVE_MPI_F90MODULE_VISIBILITY 1
#define PETSC_HAVE_MPI_FEATURE_DYNAMIC_WINDOW 1
#define PETSC_HAVE_MPI_GET_ACCUMULATE 1
#define PETSC_HAVE_MPI_GET_LIBRARY_VERSION 1
#define PETSC_HAVE_MPI_INIT_THREAD 1
#define PETSC_HAVE_MPI_INT64_T 1
#define PETSC_HAVE_MPI_LARGE_COUNT 1
#define PETSC_HAVE_MPI_LONG_DOUBLE 1
#define PETSC_HAVE_MPI_NEIGHBORHOOD_COLLECTIVES 1
#define PETSC_HAVE_MPI_NONBLOCKING_COLLECTIVES 1
#define PETSC_HAVE_MPI_ONE_SIDED 1
#define PETSC_HAVE_MPI_PROCESS_SHARED_MEMORY 1
#define PETSC_HAVE_MPI_REDUCE_LOCAL 1
#define PETSC_HAVE_MPI_REDUCE_SCATTER_BLOCK 1
#define PETSC_HAVE_MPI_RGET 1
#define PETSC_HAVE_MPI_WIN_CREATE 1
#define PETSC_HAVE_NANOSLEEP 1
#define PETSC_HAVE_NETDB_H 1
#define PETSC_HAVE_NETINET_IN_H 1
#define PETSC_HAVE_PACKAGES ":blaslapack:hypre:mathlib:mkl_sparse:mkl_sparse_optimize:mpi:pthread:regex:x11:"
#define PETSC_HAVE_POPEN 1
#define PETSC_HAVE_POSIX_MEMALIGN 1
#define PETSC_HAVE_PTHREAD 1
#define PETSC_HAVE_PWD_H 1
#define PETSC_HAVE_RAND 1
#define PETSC_HAVE_READLINK 1
#define PETSC_HAVE_REALPATH 1
#define PETSC_HAVE_REAL___FLOAT128 1
#define PETSC_HAVE_REGEX 1
#define PETSC_HAVE_RTLD_GLOBAL 1
#define PETSC_HAVE_RTLD_LAZY 1
#define PETSC_HAVE_RTLD_LOCAL 1
#define PETSC_HAVE_RTLD_NOW 1
#define PETSC_HAVE_SETJMP_H 1
#define PETSC_HAVE_SLEEP 1
#define PETSC_HAVE_SNPRINTF 1
#define PETSC_HAVE_SOCKET 1
#define PETSC_HAVE_SO_REUSEADDR 1
#define PETSC_HAVE_STDATOMIC_H 1
#define PETSC_HAVE_STDINT_H 1
#define PETSC_HAVE_STRCASECMP 1
#define PETSC_HAVE_STRINGS_H 1
#define PETSC_HAVE_STRUCT_SIGACTION 1
#define PETSC_HAVE_SYS_PARAM_H 1
#define PETSC_HAVE_SYS_PROCFS_H 1
#define PETSC_HAVE_SYS_RESOURCE_H 1
#define PETSC_HAVE_SYS_SOCKET_H 1
#define PETSC_HAVE_SYS_TIMES_H 1
#define PETSC_HAVE_SYS_TIME_H 1
#define PETSC_HAVE_SYS_TYPES_H 1
#define PETSC_HAVE_SYS_UTSNAME_H 1
#define PETSC_HAVE_SYS_WAIT_H 1
#define PETSC_HAVE_TAU_PERFSTUBS 1
#define PETSC_HAVE_TGAMMA 1
#define PETSC_HAVE_TIME 1
#define PETSC_HAVE_TIME_H 1
#define PETSC_HAVE_UNAME 1
#define PETSC_HAVE_UNISTD_H 1
#define PETSC_HAVE_USLEEP 1
#define PETSC_HAVE_VA_COPY 1
#define PETSC_HAVE_VSNPRINTF 1
#define PETSC_HAVE_X 1
#define PETSC_HAVE_XMMINTRIN_H 1
#define PETSC_HAVE___INT64 1
#define PETSC_INTPTR_T intptr_t
#define PETSC_INTPTR_T_FMT "#" PRIxPTR
#define PETSC_IS_COLORING_MAX USHRT_MAX
#define PETSC_IS_COLORING_VALUE_TYPE short
#define PETSC_IS_COLORING_VALUE_TYPE_F integer2
#define PETSC_LEVEL1_DCACHE_LINESIZE 64
#define PETSC_LIB_DIR "/GLOBALFS/sysu_hpcscc_2/zhj/OpenCAEPoro_rep/depend-install/petsc-3.19.3/petsc_install/lib"
#define PETSC_MAX_PATH_LEN 4096
#define PETSC_MEMALIGN 16
#define PETSC_MKL_SPBLAS_DEPRECATED 1
#define PETSC_MPICC_SHOW "icc -fPIC -diag-disable=10441 -g -I/APP/u22/x86/mpi/mpich-4.1.2-icc-oneapi2023.2-ch4-dbg/include -L/APP/u22/x86/mpi/mpich-4.1.2-icc-oneapi2023.2-ch4-dbg/lib -Wl,-rpath -Wl,/APP/u22/x86/mpi/mpich-4.1.2-icc-oneapi2023.2-ch4-dbg/lib -Wl,--enable-new-dtags -lmpi"
#define PETSC_MPIU_IS_COLORING_VALUE_TYPE MPI_UNSIGNED_SHORT
#define PETSC_OMAKE "/usr/bin/gmake --no-print-directory"
#define PETSC_PREFETCH_HINT_NTA _MM_HINT_NTA
#define PETSC_PREFETCH_HINT_T0 _MM_HINT_T0
#define PETSC_PREFETCH_HINT_T1 _MM_HINT_T1
#define PETSC_PREFETCH_HINT_T2 _MM_HINT_T2
#define PETSC_PYTHON_EXE "/usr/bin/python3"
#define PETSC_Prefetch(a,b,c) _mm_prefetch((const char*)(a),(c))
#define PETSC_REPLACE_DIR_SEPARATOR '\\'
#define PETSC_SIGNAL_CAST  
#define PETSC_SIZEOF_INT 4
#define PETSC_SIZEOF_LONG 8
#define PETSC_SIZEOF_LONG_LONG 8
#define PETSC_SIZEOF_SIZE_T 8
#define PETSC_SIZEOF_VOID_P 8
#define PETSC_SLSUFFIX "so"
#define PETSC_UINTPTR_T uintptr_t
#define PETSC_UINTPTR_T_FMT "#" PRIxPTR
#define PETSC_UNUSED __attribute((unused))
#define PETSC_USE_AVX512_KERNELS 1
#define PETSC_USE_BACKWARD_LOOP 1
#define PETSC_USE_CTABLE 1
#define PETSC_USE_DEBUGGER "gdb"
#define PETSC_USE_DMLANDAU_2D 1
#define PETSC_USE_INFO 1
#define PETSC_USE_ISATTY 1
#define PETSC_USE_LOG 1
#define PETSC_USE_MALLOC_COALESCED 1
#define PETSC_USE_PROC_FOR_SIZE 1
#define PETSC_USE_REAL_DOUBLE 1
#define PETSC_USE_SHARED_LIBRARIES 1
#define PETSC_USE_SINGLE_LIBRARY 1
#define PETSC_USE_SOCKET_VIEWER 1
#define PETSC_USE_VISIBILITY_C 1
#define PETSC_USE_VISIBILITY_CXX 1
#define PETSC_USING_64BIT_PTR 1
#define PETSC_USING_F2003 1
#define PETSC_USING_F90FREEFORM 1
#define PETSC__BSD_SOURCE 1
#define PETSC__DEFAULT_SOURCE 1
#define PETSC__GNU_SOURCE 1
-----------------------------------------
Using C compile: mpicc -o .o -c -O3  
C compiler version: icc (ICC) 2021.10.0 20230609
Using C++ compile: mpicxx -o .o -c -wd1572 -g -O3  -std=c++17  -I/GLOBALFS/sysu_hpcscc_2/zhj/OpenCAEPoro_rep/depend-install/petsc-3.19.3/include -I/GLOBALFS/sysu_hpcscc_2/zhj/OpenCAEPoro_rep/depend-install/petsc-3.19.3/petsc_install/include -I/GLOBALFS/sysu_hpcscc_2/zhj/OpenCAEPoro_rep/depend-install/hypre-2.28.0/install/include   
mpicxx -show: icpc -fPIC -diag-disable=10441 -g -I/APP/u22/x86/mpi/mpich-4.1.2-icc-oneapi2023.2-ch4-dbg/include -L/APP/u22/x86/mpi/mpich-4.1.2-icc-oneapi2023.2-ch4-dbg/lib -lmpicxx -Wl,-rpath -Wl,/APP/u22/x86/mpi/mpich-4.1.2-icc-oneapi2023.2-ch4-dbg/lib -Wl,--enable-new-dtags -lmpi
C++ compiler version: icpc (ICC) 2021.10.0 20230609
Using Fortran compile: mpifort -o .o -c -g -O3    -I/GLOBALFS/sysu_hpcscc_2/zhj/OpenCAEPoro_rep/depend-install/petsc-3.19.3/include -I/GLOBALFS/sysu_hpcscc_2/zhj/OpenCAEPoro_rep/depend-install/petsc-3.19.3/petsc_install/include -I/GLOBALFS/sysu_hpcscc_2/zhj/OpenCAEPoro_rep/depend-install/hypre-2.28.0/install/include   
mpif90 -show: ifort -fPIC -diag-disable=10441 -g -I/APP/u22/x86/mpi/mpich-4.1.2-icc-oneapi2023.2-ch4-dbg/include -I/APP/u22/x86/mpi/mpich-4.1.2-icc-oneapi2023.2-ch4-dbg/include -L/APP/u22/x86/mpi/mpich-4.1.2-icc-oneapi2023.2-ch4-dbg/lib -lmpifort -Wl,-rpath -Wl,/APP/u22/x86/mpi/mpich-4.1.2-icc-oneapi2023.2-ch4-dbg/lib -Wl,--enable-new-dtags -lmpi
Fortran compiler version: ifort (IFORT) 2021.10.0 20230609
-----------------------------------------
Using C/C++ linker: mpicc
Using C/C++ flags: -O3
Using Fortran linker: mpifort
Using Fortran flags: -g -O3 
-----------------------------------------
Using system modules: intel/oneapi2023.2_noimpi:mpi/mpich/4.1.2-icc-oneapi2023.2-ch4-dbg:blas/3.8.0-icc-oneapi2023.2
Using mpi.h: # 1 "/APP/u22/x86/mpi/mpich-4.1.2-icc-oneapi2023.2-ch4-dbg/include/mpi.h" 1
-----------------------------------------
Using libraries: -Wl,-rpath,/GLOBALFS/sysu_hpcscc_2/zhj/OpenCAEPoro_rep/depend-install/petsc-3.19.3/petsc_install/lib -L/GLOBALFS/sysu_hpcscc_2/zhj/OpenCAEPoro_rep/depend-install/petsc-3.19.3/petsc_install/lib -Wl,-rpath,/GLOBALFS/sysu_hpcscc_2/zhj/OpenCAEPoro_rep/depend-install/hypre-2.28.0/install/lib -L/GLOBALFS/sysu_hpcscc_2/zhj/OpenCAEPoro_rep/depend-install/hypre-2.28.0/install/lib -Wl,-rpath,/APP/u22/x86/intel/oneapi2023.2/mkl/2023.2.0/lib/intel64 -L/APP/u22/x86/intel/oneapi2023.2/mkl/2023.2.0/lib/intel64 -Wl,-rpath,/APP/u22/x86/mpi/mpich-4.1.2-icc-oneapi2023.2-ch4-dbg/lib -L/APP/u22/x86/mpi/mpich-4.1.2-icc-oneapi2023.2-ch4-dbg/lib -Wl,-rpath,/APP/u22/x86/BLAS/icc-2023/lib-icc -L/APP/u22/x86/BLAS/icc-2023/lib-icc -Wl,-rpath,/APP/u22/x86/intel/oneapi2023.2/tbb/2021.10.0/lib/intel64/gcc4.8 -L/APP/u22/x86/intel/oneapi2023.2/tbb/2021.10.0/lib/intel64/gcc4.8 -Wl,-rpath,/APP/u22/x86/intel/oneapi2023.2/ippcp/2021.8.0/lib/intel64 -L/APP/u22/x86/intel/oneapi2023.2/ippcp/2021.8.0/lib/intel64 -Wl,-rpath,/APP/u22/x86/intel/oneapi2023.2/ipp/2021.9.0/lib/intel64 -L/APP/u22/x86/intel/oneapi2023.2/ipp/2021.9.0/lib/intel64 -Wl,-rpath,/APP/u22/x86/intel/oneapi2023.2/dnnl/2023.2.0/cpu_dpcpp_gpu_dpcpp/lib -L/APP/u22/x86/intel/oneapi2023.2/dnnl/2023.2.0/cpu_dpcpp_gpu_dpcpp/lib -Wl,-rpath,/APP/u22/x86/intel/oneapi2023.2/dal/2023.2.0/lib/intel64 -L/APP/u22/x86/intel/oneapi2023.2/dal/2023.2.0/lib/intel64 -Wl,-rpath,/APP/u22/x86/intel/oneapi2023.2/compiler/2023.2.0/linux/compiler/lib/intel64_lin -L/APP/u22/x86/intel/oneapi2023.2/compiler/2023.2.0/linux/compiler/lib/intel64_lin -Wl,-rpath,/APP/u22/x86/intel/oneapi2023.2/compiler/2023.2.0/linux/lib -L/APP/u22/x86/intel/oneapi2023.2/compiler/2023.2.0/linux/lib -Wl,-rpath,/APP/u22/x86/intel/oneapi2023.2/ccl/2021.10.0/lib/cpu_gpu_dpcpp -L/APP/u22/x86/intel/oneapi2023.2/ccl/2021.10.0/lib/cpu_gpu_dpcpp -Wl,-rpath,/usr/lib/gcc/x86_64-linux-gnu/11 -L/usr/lib/gcc/x86_64-linux-gnu/11 -lpetsc -lHYPRE -lmkl_intel_lp64 -lmkl_core -lmkl_sequential -lpthread -lX11 -lmpifort -lmpi -lifport -lifcoremt_pic -limf -lsvml -lm -lipgo -lirc -lpthread -lgcc_s -lirc_s -ldl -lmpicxx -lmpi -limf -lsvml -lirng -lstdc++ -lm -lipgo -ldecimal -lcilkrts -lgcc_s -lirc -lirc_s -ldl -lquadmath -lmpicxx -lmpi -limf -lsvml -lirng -lstdc++ -lm -lipgo -ldecimal -lcilkrts -lgcc_s -lirc -lirc_s -ldl
------------------------------------------
Using mpiexec: srun --partition=mars
------------------------------------------
Using MAKE: /usr/bin/gmake
Default MAKEFLAGS: MAKE_NP:40 MAKE_LOAD:96.0 MAKEFLAGS: --no-print-directory -- MPIEXEC=srun\ --partition=mars PETSC_ARCH=petsc_install PETSC_DIR=/GLOBALFS/sysu_hpcscc_2/zhj/OpenCAEPoro_rep/depend-install/petsc-3.19.3
==========================================
/usr/bin/gmake --print-directory -f gmakefile -j40 -l96.0 --output-sync=recurse V= libs
gmake[3]: Nothing to be done for 'libs'.
=========================================
Now to check if the libraries are working do:
make PETSC_DIR=/GLOBALFS/sysu_hpcscc_2/zhj/OpenCAEPoro_rep/depend-install/petsc-3.19.3 PETSC_ARCH=petsc_install check
=========================================
Finishing make run at Thu, 29 Aug 2024 15:43:59 +0800
