SUMMARY OF RUN ./data/case1/case1.data -- 353 time step
Row 1
	        TIME	      NRiter	      LSiter	         FPR	      Volume	        FOPR	        FOPT	        FGPR	        FGPT	        FWPR
	         DAY	           -	           -	        PSIA	         Ft3	     STB/DAY	         STB	    MSCF/DAY	        MSCF	     STB/DAY
	           -	           -	           -	           -	 Hydrocarbon	           -	           -	           -	           -	           -
	       0.010	           3	           8	 4.79424e+03	 2.64617e+09	 2.00000e+04	 2.00000e+02	 2.54000e+04	 2.54000e+02	 1.75311e-03
	       0.110	          11	          43	 4.79469e+03	 2.64618e+09	 2.00000e+04	 2.20000e+03	 2.52532e+04	 2.77932e+03	 5.13829e-03
	       0.210	          16	          67	 4.79507e+03	 2.64618e+09	 2.00000e+04	 4.20000e+03	 2.50685e+04	 5.28617e+03	 6.11972e-03
	       0.329	          20	          81	 4.79556e+03	 2.64619e+09	 2.00000e+04	 6.57640e+03	 2.58673e+04	 8.35971e+03	 7.02102e-03
	       0.528	          25	         102	 4.79630e+03	 2.64619e+09	 2.00000e+04	 1.05604e+04	 2.72209e+04	 1.37820e+04	 8.30631e-03
	       0.827	          29	         119	 4.79740e+03	 2.64621e+09	 2.00000e+04	 1.65363e+04	 2.79293e+04	 2.21272e+04	 9.62655e-03
	       1.000	          32	         131	 4.79801e+03	 2.64621e+09	 2.00000e+04	 2.00000e+04	 2.77561e+04	 2.69342e+04	 1.01094e-02
	       1.346	          37	         149	 4.79927e+03	 2.64623e+09	 2.00000e+04	 2.69274e+04	 2.70346e+04	 3.62982e+04	 1.06586e-02
	       1.866	          43	         181	 4.80119e+03	 2.64624e+09	 2.00000e+04	 3.73186e+04	 2.66591e+04	 5.01491e+04	 1.12722e-02
	       2.645	          48	         205	 4.80402e+03	 2.64627e+09	 2.00000e+04	 5.29053e+04	 2.67845e+04	 7.10232e+04	 1.21223e-02
	       3.814	          53	         229	 4.80825e+03	 2.64631e+09	 2.00000e+04	 7.62853e+04	 2.67796e+04	 1.02329e+05	 1.30343e-02
	       4.000	          55	         235	 4.80885e+03	 2.64632e+09	 2.00000e+04	 8.00000e+04	 2.67644e+04	 1.07300e+05	 1.31660e-02
	       4.371	          57	         242	 4.81008e+03	 2.64633e+09	 2.00000e+04	 8.74293e+04	 2.67125e+04	 1.17223e+05	 1.33914e-02
	       5.114	          60	         253	 4.81266e+03	 2.64636e+09	 2.00000e+04	 1.02288e+05	 2.66842e+04	 1.37047e+05	 1.38041e-02
	       6.600	          64	         269	 4.81794e+03	 2.64641e+09	 2.00000e+04	 1.32005e+05	 2.67562e+04	 1.76803e+05	 1.45314e-02
	       9.081	          69	         292	 4.82676e+03	 2.64650e+09	 2.00000e+04	 1.81624e+05	 2.68469e+04	 2.43408e+05	 1.55013e-02
	      12.081	          75	         319	 4.83715e+03	 2.64661e+09	 2.00000e+04	 2.41624e+05	 2.68195e+04	 3.23867e+05	 1.63548e-02
	      13.000	          78	         329	 4.84010e+03	 2.64663e+09	 2.00000e+04	 2.60000e+05	 2.67957e+04	 3.48487e+05	 1.65830e-02
	      14.838	          82	         345	 4.84626e+03	 2.64670e+09	 2.00000e+04	 2.96753e+05	 2.68071e+04	 3.97749e+05	 1.70110e-02
	      17.838	          87	         368	 4.85656e+03	 2.64680e+09	 2.00000e+04	 3.56753e+05	 2.68345e+04	 4.78252e+05	 1.76109e-02
	      20.838	          92	         391	 4.86671e+03	 2.64690e+09	 2.00000e+04	 4.16753e+05	 2.68260e+04	 5.58730e+05	 1.81073e-02
	      23.838	          97	         414	 4.87685e+03	 2.64700e+09	 2.00000e+04	 4.76753e+05	 2.68021e+04	 6.39136e+05	 1.85208e-02
	      26.838	         102	         437	 4.88695e+03	 2.64710e+09	 2.00000e+04	 5.36753e+05	 2.67562e+04	 7.19405e+05	 1.88643e-02
	      29.838	         107	         462	 4.89705e+03	 2.64721e+09	 2.00000e+04	 5.96753e+05	 2.66855e+04	 7.99461e+05	 1.91402e-02
	      32.838	         112	         486	 4.90710e+03	 2.64731e+09	 2.00000e+04	 6.56753e+05	 2.65953e+04	 8.79247e+05	 1.93536e-02
	      35.838	         117	         510	 4.91716e+03	 2.64741e+09	 2.00000e+04	 7.16753e+05	 2.64978e+04	 9.58741e+05	 1.95178e-02
	      38.838	         122	         533	 4.92721e+03	 2.64751e+09	 2.00000e+04	 7.76753e+05	 2.63936e+04	 1.03792e+06	 1.96386e-02
	      41.838	         126	         552	 4.93722e+03	 2.64761e+09	 2.00000e+04	 8.36753e+05	 2.62761e+04	 1.11675e+06	 1.97149e-02
	      42.000	         127	         555	 4.93773e+03	 2.64762e+09	 2.00000e+04	 8.40000e+05	 2.62698e+04	 1.12102e+06	 1.97187e-02
	      42.325	         129	         563	 4.93877e+03	 2.64763e+09	 2.00000e+04	 8.46495e+05	 2.62569e+04	 1.12954e+06	 1.97263e-02
	      42.974	         131	         572	 4.94086e+03	 2.64765e+09	 2.00000e+04	 8.59484e+05	 2.62301e+04	 1.14658e+06	 1.97390e-02
	      44.273	         134	         586	 4.94513e+03	 2.64769e+09	 2.00000e+04	 8.85462e+05	 2.61749e+04	 1.18058e+06	 1.97568e-02
	      46.871	         138	         604	 4.95385e+03	 2.64778e+09	 2.00000e+04	 9.37418e+05	 2.60574e+04	 1.24827e+06	 1.97638e-02
	      49.871	         143	         629	 4.96388e+03	 2.64788e+09	 2.00000e+04	 9.97418e+05	 2.59173e+04	 1.32602e+06	 1.97399e-02
	      50.000	         145	         634	 4.96429e+03	 2.64788e+09	 2.00000e+04	 1.00000e+06	 2.59112e+04	 1.32936e+06	 1.97388e-02
	      50.258	         147	         641	 4.96512e+03	 2.64789e+09	 2.00000e+04	 1.00516e+06	 2.58992e+04	 1.33605e+06	 1.97364e-02
	      50.775	         149	         648	 4.96677e+03	 2.64791e+09	 2.00000e+04	 1.01549e+06	 2.58750e+04	 1.34942e+06	 1.97308e-02
	      51.808	         151	         656	 4.97014e+03	 2.64794e+09	 2.00000e+04	 1.03615e+06	 2.58262e+04	 1.37610e+06	 1.97160e-02
	      53.874	         155	         673	 4.97706e+03	 2.64801e+09	 2.00000e+04	 1.07747e+06	 2.57277e+04	 1.42925e+06	 1.96736e-02
	      56.874	         160	         697	 4.98713e+03	 2.64811e+09	 2.00000e+04	 1.13747e+06	 2.55844e+04	 1.50600e+06	 1.95885e-02
	      59.874	         165	         721	 4.99712e+03	 2.64821e+09	 2.00000e+04	 1.19747e+06	 2.54428e+04	 1.58233e+06	 1.94834e-02
	      62.874	         169	         741	 5.00712e+03	 2.64831e+09	 2.00000e+04	 1.25747e+06	 2.53042e+04	 1.65824e+06	 1.93613e-02
	      65.874	         174	         765	 5.01708e+03	 2.64842e+09	 2.00000e+04	 1.31747e+06	 2.51682e+04	 1.73375e+06	 1.92242e-02
	      68.874	         179	         789	 5.02706e+03	 2.64852e+09	 2.00000e+04	 1.37747e+06	 2.50286e+04	 1.80883e+06	 1.90692e-02
	      71.874	         183	         809	 5.03706e+03	 2.64862e+09	 2.00000e+04	 1.43747e+06	 2.48877e+04	 1.88350e+06	 1.88986e-02
	      74.874	         187	         829	 5.04706e+03	 2.64872e+09	 2.00000e+04	 1.49747e+06	 2.47511e+04	 1.95775e+06	 1.87170e-02
	      77.874	         192	         852	 5.05705e+03	 2.64882e+09	 2.00000e+04	 1.55747e+06	 2.46193e+04	 2.03161e+06	 1.85267e-02
	      80.874	         196	         872	 5.06707e+03	 2.64892e+09	 2.00000e+04	 1.61747e+06	 2.44932e+04	 2.10509e+06	 1.83293e-02
	      83.874	         200	         892	 5.07714e+03	 2.64902e+09	 2.00000e+04	 1.67747e+06	 2.43747e+04	 2.17821e+06	 1.81265e-02
	      86.874	         204	         913	 5.08720e+03	 2.64912e+09	 2.00000e+04	 1.73747e+06	 2.42660e+04	 2.25101e+06	 1.79201e-02
	      89.874	         208	         934	 5.09726e+03	 2.64922e+09	 2.00000e+04	 1.79747e+06	 2.41709e+04	 2.32352e+06	 1.77135e-02
	      92.874	         212	         955	 5.10734e+03	 2.64933e+09	 2.00000e+04	 1.85747e+06	 2.40941e+04	 2.39580e+06	 1.75119e-02
	      95.874	         216	         976	 5.11746e+03	 2.64943e+09	 2.00000e+04	 1.91747e+06	 2.40407e+04	 2.46793e+06	 1.73179e-02
	      98.874	         220	         996	 5.12758e+03	 2.64953e+09	 2.00000e+04	 1.97747e+06	 2.40092e+04	 2.53995e+06	 1.71333e-02
	     101.874	         224	        1016	 5.13768e+03	 2.64963e+09	 2.00000e+04	 2.03747e+06	 2.39975e+04	 2.61195e+06	 1.69580e-02
	     104.874	         229	        1040	 5.14780e+03	 2.64974e+09	 2.00000e+04	 2.09747e+06	 2.40019e+04	 2.68395e+06	 1.67891e-02
	     107.874	         233	        1060	 5.15792e+03	 2.64984e+09	 2.00000e+04	 2.15747e+06	 2.40206e+04	 2.75601e+06	 1.66253e-02
	     110.874	         237	        1079	 5.16801e+03	 2.64994e+09	 2.00000e+04	 2.21747e+06	 2.40555e+04	 2.82818e+06	 1.64701e-02
	     113.874	         241	        1098	 5.17806e+03	 2.65004e+09	 2.00000e+04	 2.27747e+06	 2.41047e+04	 2.90049e+06	 1.63247e-02
	     116.874	         245	        1118	 5.18811e+03	 2.65014e+09	 2.00000e+04	 2.33747e+06	 2.41623e+04	 2.97298e+06	 1.61865e-02
	     119.874	         249	        1137	 5.19812e+03	 2.65024e+09	 2.00000e+04	 2.39747e+06	 2.42242e+04	 3.04565e+06	 1.60531e-02
	     122.874	         253	        1155	 5.20813e+03	 2.65034e+09	 2.00000e+04	 2.45747e+06	 2.42853e+04	 3.11851e+06	 1.59198e-02
	     125.874	         257	        1174	 5.21808e+03	 2.65044e+09	 2.00000e+04	 2.51747e+06	 2.43450e+04	 3.19154e+06	 1.57868e-02
	     128.874	         261	        1194	 5.22801e+03	 2.65054e+09	 2.00000e+04	 2.57747e+06	 2.44051e+04	 3.26476e+06	 1.56572e-02
	     131.874	         265	        1214	 5.23791e+03	 2.65064e+09	 2.00000e+04	 2.63747e+06	 2.44608e+04	 3.33814e+06	 1.55278e-02
	     134.874	         269	        1234	 5.24778e+03	 2.65074e+09	 2.00000e+04	 2.69747e+06	 2.45122e+04	 3.41168e+06	 1.53972e-02
	     137.874	         273	        1253	 5.25763e+03	 2.65084e+09	 2.00000e+04	 2.75747e+06	 2.45619e+04	 3.48536e+06	 1.52671e-02
	     140.874	         277	        1273	 5.26743e+03	 2.65094e+09	 2.00000e+04	 2.81747e+06	 2.46104e+04	 3.55919e+06	 1.51382e-02
	     143.874	         281	        1293	 5.27721e+03	 2.65104e+09	 2.00000e+04	 2.87747e+06	 2.46552e+04	 3.63316e+06	 1.50081e-02
	     146.874	         285	        1314	 5.28694e+03	 2.65114e+09	 2.00000e+04	 2.93747e+06	 2.46983e+04	 3.70725e+06	 1.48786e-02
	     149.874	         289	        1335	 5.29666e+03	 2.65124e+09	 2.00000e+04	 2.99747e+06	 2.47381e+04	 3.78147e+06	 1.47483e-02
	     152.874	         293	        1357	 5.30634e+03	 2.65133e+09	 2.00000e+04	 3.05747e+06	 2.47740e+04	 3.85579e+06	 1.46173e-02
	     155.874	         297	        1378	 5.31602e+03	 2.65143e+09	 2.00000e+04	 3.11747e+06	 2.48038e+04	 3.93020e+06	 1.44841e-02
	     158.874	         301	        1397	 5.32564e+03	 2.65153e+09	 2.00000e+04	 3.17747e+06	 2.48297e+04	 4.00469e+06	 1.43508e-02
	     161.874	         305	        1417	 5.33526e+03	 2.65163e+09	 2.00000e+04	 3.23747e+06	 2.48532e+04	 4.07925e+06	 1.42176e-02
	     164.874	         309	        1437	 5.34482e+03	 2.65172e+09	 2.00000e+04	 3.29747e+06	 2.48772e+04	 4.15388e+06	 1.40857e-02
	     167.874	         313	        1457	 5.35437e+03	 2.65182e+09	 2.00000e+04	 3.35747e+06	 2.49012e+04	 4.22859e+06	 1.39541e-02
	     170.874	         317	        1477	 5.36389e+03	 2.65192e+09	 2.00000e+04	 3.41747e+06	 2.49233e+04	 4.30336e+06	 1.38207e-02
	     173.874	         321	        1496	 5.37339e+03	 2.65201e+09	 2.00000e+04	 3.47747e+06	 2.49533e+04	 4.37822e+06	 1.36919e-02
	     176.874	         325	        1518	 5.38283e+03	 2.65211e+09	 2.00000e+04	 3.53747e+06	 2.49888e+04	 4.45318e+06	 1.35670e-02
	     179.874	         329	        1540	 5.39226e+03	 2.65220e+09	 2.00000e+04	 3.59747e+06	 2.50152e+04	 4.52823e+06	 1.34378e-02
	     180.000	         331	        1546	 5.39264e+03	 2.65221e+09	 2.00000e+04	 3.60000e+06	 2.50163e+04	 4.53139e+06	 1.34323e-02
	     180.253	         333	        1554	 5.39342e+03	 2.65221e+09	 2.00000e+04	 3.60505e+06	 2.50183e+04	 4.53771e+06	 1.34213e-02
	     180.758	         335	        1563	 5.39497e+03	 2.65223e+09	 2.00000e+04	 3.61516e+06	 2.50229e+04	 4.55035e+06	 1.33996e-02
	     181.769	         337	        1573	 5.39812e+03	 2.65226e+09	 2.00000e+04	 3.63537e+06	 2.50326e+04	 4.57565e+06	 1.33574e-02
	     183.790	         340	        1590	 5.40443e+03	 2.65232e+09	 2.00000e+04	 3.67580e+06	 2.50471e+04	 4.62628e+06	 1.32722e-02
	     186.790	         344	        1613	 5.41379e+03	 2.65242e+09	 2.00000e+04	 3.73580e+06	 2.50651e+04	 4.70148e+06	 1.31457e-02
	     189.790	         348	        1637	 5.42314e+03	 2.65251e+09	 2.00000e+04	 3.79580e+06	 2.50782e+04	 4.77671e+06	 1.30170e-02
	     192.790	         352	        1660	 5.43242e+03	 2.65261e+09	 2.00000e+04	 3.85580e+06	 2.50915e+04	 4.85198e+06	 1.28893e-02
	     195.790	         356	        1683	 5.44169e+03	 2.65270e+09	 2.00000e+04	 3.91580e+06	 2.51051e+04	 4.92730e+06	 1.27625e-02
	     198.790	         360	        1707	 5.45091e+03	 2.65279e+09	 2.00000e+04	 3.97580e+06	 2.51260e+04	 5.00268e+06	 1.26388e-02
	     201.790	         364	        1729	 5.46010e+03	 2.65289e+09	 2.00000e+04	 4.03580e+06	 2.51473e+04	 5.07812e+06	 1.25137e-02
	     204.790	         368	        1752	 5.46926e+03	 2.65298e+09	 2.00000e+04	 4.09580e+06	 2.51664e+04	 5.15362e+06	 1.23904e-02
	     207.790	         372	        1776	 5.47839e+03	 2.65307e+09	 2.00000e+04	 4.15580e+06	 2.51830e+04	 5.22917e+06	 1.22684e-02
	     210.790	         376	        1800	 5.48747e+03	 2.65316e+09	 2.00000e+04	 4.21580e+06	 2.51960e+04	 5.30476e+06	 1.21461e-02
	     213.790	         380	        1823	 5.49653e+03	 2.65325e+09	 2.00000e+04	 4.27580e+06	 2.52076e+04	 5.38038e+06	 1.20234e-02
	     216.790	         384	        1846	 5.50557e+03	 2.65335e+09	 2.00000e+04	 4.33580e+06	 2.52206e+04	 5.45604e+06	 1.18980e-02
	     219.790	         388	        1869	 5.51460e+03	 2.65344e+09	 2.00000e+04	 4.39580e+06	 2.52426e+04	 5.53177e+06	 1.17772e-02
	     222.790	         392	        1891	 5.52359e+03	 2.65353e+09	 2.00000e+04	 4.45580e+06	 2.52608e+04	 5.60755e+06	 1.16566e-02
	     225.790	         396	        1913	 5.53255e+03	 2.65362e+09	 2.00000e+04	 4.51580e+06	 2.52713e+04	 5.68336e+06	 1.15345e-02
	     228.790	         400	        1937	 5.54147e+03	 2.65371e+09	 2.00000e+04	 4.57580e+06	 2.52810e+04	 5.75921e+06	 1.14136e-02
	     231.790	         404	        1959	 5.55038e+03	 2.65380e+09	 2.00000e+04	 4.63580e+06	 2.52903e+04	 5.83508e+06	 1.12929e-02
	     234.790	         408	        1983	 5.55925e+03	 2.65389e+09	 2.00000e+04	 4.69580e+06	 2.53021e+04	 5.91098e+06	 1.11715e-02
	     237.790	         412	        2008	 5.56810e+03	 2.65397e+09	 2.00000e+04	 4.75580e+06	 2.53139e+04	 5.98693e+06	 1.10512e-02
	     240.790	         416	        2033	 5.57691e+03	 2.65406e+09	 2.00000e+04	 4.81580e+06	 2.53231e+04	 6.06290e+06	 1.09315e-02
	     243.790	         420	        2058	 5.58569e+03	 2.65415e+09	 2.00000e+04	 4.87580e+06	 2.53314e+04	 6.13889e+06	 1.08112e-02
	     246.790	         424	        2084	 5.59447e+03	 2.65424e+09	 2.00000e+04	 4.93580e+06	 2.53405e+04	 6.21491e+06	 1.06903e-02
	     249.790	         428	        2111	 5.60324e+03	 2.65433e+09	 2.00000e+04	 4.99580e+06	 2.53490e+04	 6.29096e+06	 1.05707e-02
	     252.790	         432	        2136	 5.61193e+03	 2.65442e+09	 2.00000e+04	 5.05580e+06	 2.53547e+04	 6.36702e+06	 1.04504e-02
	     255.790	         436	        2164	 5.62061e+03	 2.65451e+09	 2.00000e+04	 5.11580e+06	 2.53590e+04	 6.44310e+06	 1.03298e-02
	     258.790	         440	        2191	 5.62930e+03	 2.65459e+09	 2.00000e+04	 5.17580e+06	 2.53648e+04	 6.51919e+06	 1.02070e-02
	     261.790	         444	        2215	 5.63794e+03	 2.65468e+09	 2.00000e+04	 5.23580e+06	 2.53746e+04	 6.59532e+06	 1.00849e-02
	     264.790	         448	        2241	 5.64655e+03	 2.65477e+09	 2.00000e+04	 5.29580e+06	 2.53865e+04	 6.67148e+06	 9.96492e-03
	     267.790	         452	        2264	 5.65512e+03	 2.65485e+09	 2.00000e+04	 5.35580e+06	 2.53974e+04	 6.74767e+06	 9.84470e-03
	     270.790	         456	        2289	 5.66369e+03	 2.65494e+09	 2.00000e+04	 5.41580e+06	 2.54070e+04	 6.82389e+06	 9.72316e-03
	     273.790	         460	        2312	 5.67220e+03	 2.65503e+09	 2.00000e+04	 5.47580e+06	 2.54145e+04	 6.90013e+06	 9.60056e-03
	     276.790	         464	        2338	 5.68070e+03	 2.65511e+09	 2.00000e+04	 5.53580e+06	 2.54218e+04	 6.97640e+06	 9.47811e-03
	     279.790	         468	        2363	 5.68923e+03	 2.65520e+09	 2.00000e+04	 5.59580e+06	 2.54281e+04	 7.05268e+06	 9.35463e-03
	     282.790	         472	        2389	 5.69764e+03	 2.65528e+09	 2.00000e+04	 5.65580e+06	 2.54347e+04	 7.12899e+06	 9.23057e-03
	     285.790	         477	        2418	 5.70608e+03	 2.65537e+09	 2.00000e+04	 5.71580e+06	 2.54424e+04	 7.20531e+06	 9.10688e-03
	     288.790	         481	        2441	 5.71445e+03	 2.65545e+09	 2.00000e+04	 5.77580e+06	 2.54501e+04	 7.28167e+06	 8.98153e-03
	     291.790	         486	        2471	 5.72286e+03	 2.65554e+09	 2.00000e+04	 5.83580e+06	 2.54616e+04	 7.35805e+06	 8.85408e-03
	     294.790	         490	        2495	 5.73120e+03	 2.65562e+09	 2.00000e+04	 5.89580e+06	 2.54731e+04	 7.43447e+06	 8.72691e-03
	     297.790	         495	        2526	 5.73954e+03	 2.65571e+09	 2.00000e+04	 5.95580e+06	 2.54784e+04	 7.51090e+06	 8.59387e-03
	     300.790	         499	        2552	 5.74782e+03	 2.65579e+09	 2.00000e+04	 6.01580e+06	 2.54851e+04	 7.58736e+06	 8.45801e-03
	     303.790	         503	        2577	 5.75612e+03	 2.65587e+09	 2.00000e+04	 6.07580e+06	 2.54900e+04	 7.66383e+06	 8.31695e-03
	     306.790	         513	        2626	 5.76442e+03	 2.65596e+09	 2.00000e+04	 6.13580e+06	 2.54919e+04	 7.74031e+06	 8.16539e-03
	     307.690	         516	        2642	 5.76688e+03	 2.65598e+09	 2.00000e+04	 6.15380e+06	 2.54928e+04	 7.76325e+06	 8.11954e-03
	     309.490	         520	        2667	 5.77182e+03	 2.65603e+09	 2.00000e+04	 6.18980e+06	 2.54934e+04	 7.80914e+06	 8.02300e-03
	     310.000	         522	        2677	 5.77320e+03	 2.65605e+09	 2.00000e+04	 6.20000e+06	 2.54944e+04	 7.82214e+06	 7.99618e-03
	     311.020	         525	        2692	 5.77597e+03	 2.65607e+09	 2.00000e+04	 6.22040e+06	 2.54929e+04	 7.84815e+06	 7.93750e-03
	     313.020	         529	        2715	 5.78143e+03	 2.65613e+09	 2.00000e+04	 6.26040e+06	 2.54896e+04	 7.89913e+06	 7.81117e-03
	     315.020	         533	        2738	 5.78686e+03	 2.65618e+09	 2.00000e+04	 6.30040e+06	 2.54890e+04	 7.95011e+06	 7.67279e-03
	     317.020	         537	        2762	 5.79231e+03	 2.65624e+09	 2.00000e+04	 6.34040e+06	 2.55125e+04	 8.00113e+06	 7.50903e-03
	     319.020	         541	        2787	 5.79775e+03	 2.65629e+09	 2.00000e+04	 6.38040e+06	 2.57510e+04	 8.05263e+06	 7.34167e-03
	     321.020	         546	        2819	 5.80305e+03	 2.65635e+09	 1.99998e+04	 6.42040e+06	 2.66314e+04	 8.10590e+06	 7.27942e-03
	     323.020	         550	        2844	 5.80812e+03	 2.65640e+09	 2.00000e+04	 6.46040e+06	 2.82864e+04	 8.16247e+06	 7.56621e-03
	     325.020	         553	        2865	 5.81295e+03	 2.65645e+09	 2.00000e+04	 6.50040e+06	 3.00270e+04	 8.22252e+06	 7.95530e-03
	     327.020	         557	        2891	 5.81754e+03	 2.65649e+09	 2.00000e+04	 6.54040e+06	 3.18131e+04	 8.28615e+06	 8.38756e-03
	     329.020	         561	        2915	 5.82187e+03	 2.65654e+09	 2.00000e+04	 6.58040e+06	 3.36041e+04	 8.35336e+06	 8.81683e-03
	     331.020	         565	        2941	 5.82597e+03	 2.65658e+09	 2.00000e+04	 6.62040e+06	 3.52005e+04	 8.42376e+06	 9.16562e-03
	     333.020	         568	        2960	 5.82986e+03	 2.65662e+09	 2.00000e+04	 6.66040e+06	 3.66511e+04	 8.49706e+06	 9.46124e-03
	     335.020	         572	        2985	 5.83355e+03	 2.65665e+09	 2.00000e+04	 6.70040e+06	 3.80674e+04	 8.57320e+06	 9.73721e-03
	     335.620	         574	        3002	 5.83464e+03	 2.65667e+09	 2.00000e+04	 6.71240e+06	 3.85021e+04	 8.59630e+06	 9.81829e-03
	     336.820	         576	        3016	 5.83675e+03	 2.65669e+09	 2.00000e+04	 6.73640e+06	 3.93967e+04	 8.64357e+06	 9.98376e-03
	     337.420	         578	        3031	 5.83779e+03	 2.65670e+09	 2.00000e+04	 6.74840e+06	 3.98502e+04	 8.66748e+06	 1.00698e-02
	     338.620	         581	        3049	 5.83980e+03	 2.65672e+09	 2.00000e+04	 6.77240e+06	 4.08415e+04	 8.71649e+06	 1.02633e-02
	     339.220	         583	        3061	 5.84078e+03	 2.65673e+09	 2.00000e+04	 6.78440e+06	 4.13483e+04	 8.74130e+06	 1.03652e-02
	     340.420	         586	        3080	 5.84268e+03	 2.65675e+09	 2.00000e+04	 6.80840e+06	 4.23535e+04	 8.79213e+06	 1.05777e-02
	     342.420	         589	        3100	 5.84564e+03	 2.65678e+09	 2.00000e+04	 6.84840e+06	 4.40153e+04	 8.88016e+06	 1.09527e-02
	     344.420	         592	        3121	 5.84842e+03	 2.65680e+09	 2.00000e+04	 6.88840e+06	 4.55999e+04	 8.97136e+06	 1.13244e-02
	     346.420	         595	        3140	 5.85102e+03	 2.65683e+09	 2.00000e+04	 6.92840e+06	 4.70066e+04	 9.06537e+06	 1.16713e-02
	     348.420	         598	        3160	 5.85347e+03	 2.65685e+09	 2.00000e+04	 6.96840e+06	 4.82630e+04	 9.16190e+06	 1.19868e-02
	     350.420	         600	        3175	 5.85578e+03	 2.65688e+09	 2.00000e+04	 7.00840e+06	 4.93995e+04	 9.26070e+06	 1.22683e-02
	     352.420	         602	        3189	 5.85796e+03	 2.65690e+09	 2.00000e+04	 7.04840e+06	 5.04299e+04	 9.36156e+06	 1.25179e-02
	     354.420	         605	        3211	 5.86003e+03	 2.65692e+09	 2.00000e+04	 7.08840e+06	 5.13769e+04	 9.46431e+06	 1.27388e-02
	     356.420	         608	        3233	 5.86199e+03	 2.65694e+09	 2.00000e+04	 7.12840e+06	 5.22503e+04	 9.56881e+06	 1.29362e-02
	     358.420	         611	        3257	 5.86385e+03	 2.65696e+09	 2.00000e+04	 7.16840e+06	 5.30510e+04	 9.67491e+06	 1.31083e-02
	     360.000	         613	        3273	 5.86525e+03	 2.65697e+09	 2.00000e+04	 7.20000e+06	 5.36696e+04	 9.75970e+06	 1.32354e-02
	     362.000	         615	        3291	 5.86696e+03	 2.65699e+09	 2.00000e+04	 7.24000e+06	 5.44103e+04	 9.86852e+06	 1.33852e-02
	     363.200	         617	        3306	 5.86796e+03	 2.65700e+09	 2.00000e+04	 7.26400e+06	 5.48489e+04	 9.93434e+06	 1.34675e-02
	     365.600	         619	        3320	 5.86984e+03	 2.65702e+09	 2.00000e+04	 7.31200e+06	 5.57005e+04	 1.00680e+07	 1.36212e-02
	     370.400	         626	        3396	 5.87318e+03	 2.65705e+09	 2.00000e+04	 7.40800e+06	 5.73449e+04	 1.03433e+07	 1.39447e-02
	     375.400	         630	        3431	 5.87626e+03	 2.65708e+09	 2.00000e+04	 7.50800e+06	 5.89662e+04	 1.06381e+07	 1.42497e-02
	     380.400	         635	        3481	 5.87893e+03	 2.65711e+09	 2.00000e+04	 7.60800e+06	 6.04673e+04	 1.09404e+07	 1.45339e-02
	     385.400	         640	        3526	 5.88113e+03	 2.65713e+09	 2.00000e+04	 7.70800e+06	 6.18765e+04	 1.12498e+07	 1.48018e-02
	     390.400	         643	        3559	 5.88295e+03	 2.65715e+09	 2.00000e+04	 7.80800e+06	 6.31728e+04	 1.15657e+07	 1.50463e-02
	     395.400	         647	        3591	 5.88449e+03	 2.65717e+09	 2.00000e+04	 7.90800e+06	 6.43990e+04	 1.18877e+07	 1.52667e-02
	     400.400	         649	        3609	 5.88571e+03	 2.65718e+09	 2.00000e+04	 8.00800e+06	 6.55594e+04	 1.22155e+07	 1.54730e-02
	     405.400	         652	        3636	 5.88667e+03	 2.65719e+09	 2.00000e+04	 8.10800e+06	 6.66461e+04	 1.25487e+07	 1.56645e-02
	     410.400	         655	        3660	 5.88737e+03	 2.65720e+09	 2.00000e+04	 8.20800e+06	 6.76787e+04	 1.28871e+07	 1.58469e-02
	     415.400	         658	        3686	 5.88780e+03	 2.65720e+09	 2.00000e+04	 8.30800e+06	 6.86869e+04	 1.32305e+07	 1.60291e-02
	     420.400	         661	        3708	 5.88791e+03	 2.65720e+09	 2.00000e+04	 8.40800e+06	 6.96505e+04	 1.35788e+07	 1.62039e-02
	     425.400	         663	        3725	 5.88777e+03	 2.65720e+09	 2.00000e+04	 8.50800e+06	 7.05605e+04	 1.39316e+07	 1.63706e-02
	     430.400	         666	        3747	 5.88739e+03	 2.65720e+09	 2.00000e+04	 8.60800e+06	 7.14600e+04	 1.42889e+07	 1.65318e-02
	     435.400	         668	        3762	 5.88678e+03	 2.65719e+09	 2.00000e+04	 8.70800e+06	 7.23332e+04	 1.46506e+07	 1.66927e-02
	     440.400	         671	        3785	 5.88596e+03	 2.65718e+09	 2.00000e+04	 8.80800e+06	 7.31692e+04	 1.50164e+07	 1.68485e-02
	     445.400	         674	        3806	 5.88494e+03	 2.65717e+09	 2.00000e+04	 8.90800e+06	 7.39687e+04	 1.53862e+07	 1.69994e-02
	     450.400	         676	        3821	 5.88368e+03	 2.65716e+09	 2.00000e+04	 9.00800e+06	 7.47503e+04	 1.57600e+07	 1.71663e-02
	     455.400	         678	        3836	 5.88225e+03	 2.65715e+09	 2.00000e+04	 9.10800e+06	 7.55020e+04	 1.61375e+07	 1.73080e-02
	     460.400	         682	        3865	 5.88063e+03	 2.65713e+09	 2.00000e+04	 9.20800e+06	 7.61695e+04	 1.65184e+07	 1.74324e-02
	     465.400	         684	        3887	 5.87883e+03	 2.65711e+09	 2.00000e+04	 9.30800e+06	 7.67828e+04	 1.69023e+07	 1.75449e-02
	     470.400	         686	        3903	 5.87686e+03	 2.65709e+09	 2.00000e+04	 9.40800e+06	 7.74702e+04	 1.72896e+07	 1.76785e-02
	     475.400	         689	        3924	 5.87473e+03	 2.65707e+09	 2.00000e+04	 9.50800e+06	 7.81539e+04	 1.76804e+07	 1.78204e-02
	     480.400	         692	        3945	 5.87243e+03	 2.65705e+09	 2.00000e+04	 9.60800e+06	 7.88014e+04	 1.80744e+07	 1.79583e-02
	     485.400	         695	        3971	 5.86997e+03	 2.65702e+09	 2.00000e+04	 9.70800e+06	 7.93961e+04	 1.84714e+07	 1.80859e-02
	     490.400	         699	        4008	 5.86735e+03	 2.65699e+09	 2.00000e+04	 9.80800e+06	 8.00016e+04	 1.88714e+07	 1.82238e-02
	     495.400	         705	        4051	 5.86462e+03	 2.65697e+09	 2.00000e+04	 9.90800e+06	 8.05406e+04	 1.92741e+07	 1.83388e-02
	     500.400	         707	        4065	 5.86174e+03	 2.65694e+09	 2.00000e+04	 1.00080e+07	 8.10551e+04	 1.96794e+07	 1.84413e-02
	     505.400	         710	        4085	 5.85876e+03	 2.65691e+09	 2.00000e+04	 1.01080e+07	 8.16088e+04	 2.00874e+07	 1.85596e-02
	     510.400	         712	        4099	 5.85562e+03	 2.65688e+09	 2.00000e+04	 1.02080e+07	 8.20822e+04	 2.04978e+07	 1.86722e-02
	     515.400	         715	        4117	 5.85237e+03	 2.65684e+09	 2.00000e+04	 1.03080e+07	 8.26609e+04	 2.09111e+07	 1.87952e-02
	     520.400	         717	        4130	 5.84893e+03	 2.65681e+09	 2.00000e+04	 1.04080e+07	 8.31315e+04	 2.13268e+07	 1.89092e-02
	     525.400	         719	        4147	 5.84534e+03	 2.65677e+09	 2.00000e+04	 1.05080e+07	 8.36485e+04	 2.17450e+07	 1.90291e-02
	     526.900	         721	        4155	 5.84424e+03	 2.65676e+09	 2.00000e+04	 1.05380e+07	 8.38006e+04	 2.18707e+07	 1.90753e-02
	     529.900	         725	        4184	 5.84206e+03	 2.65674e+09	 2.00000e+04	 1.05980e+07	 8.40642e+04	 2.21229e+07	 1.91364e-02
	     534.900	         727	        4198	 5.83830e+03	 2.65670e+09	 2.00000e+04	 1.06980e+07	 8.45318e+04	 2.25456e+07	 1.92482e-02
	     539.900	         729	        4211	 5.83440e+03	 2.65666e+09	 2.00002e+04	 1.07980e+07	 8.50007e+04	 2.29706e+07	 1.93644e-02
	     544.900	         733	        4234	 5.83043e+03	 2.65662e+09	 2.00000e+04	 1.08980e+07	 8.54820e+04	 2.33980e+07	 1.94813e-02
	     549.900	         735	        4246	 5.82631e+03	 2.65658e+09	 2.00000e+04	 1.09980e+07	 8.58935e+04	 2.38275e+07	 1.95878e-02
	     554.900	         737	        4260	 5.82211e+03	 2.65654e+09	 2.00000e+04	 1.10980e+07	 8.63673e+04	 2.42593e+07	 1.97020e-02
	     559.900	         740	        4279	 5.81780e+03	 2.65649e+09	 2.00000e+04	 1.11980e+07	 8.68133e+04	 2.46934e+07	 1.98143e-02
	     564.900	         743	        4298	 5.81343e+03	 2.65645e+09	 1.99694e+04	 1.12978e+07	 8.71070e+04	 2.51289e+07	 1.98384e-02
	     569.900	         746	        4320	 5.80905e+03	 2.65641e+09	 1.99272e+04	 1.13975e+07	 8.73355e+04	 2.55656e+07	 1.98210e-02
	     574.900	         749	        4338	 5.80462e+03	 2.65636e+09	 1.98804e+04	 1.14969e+07	 8.75899e+04	 2.60035e+07	 1.98038e-02
	     579.900	         751	        4351	 5.80014e+03	 2.65632e+09	 1.98413e+04	 1.15961e+07	 8.78014e+04	 2.64425e+07	 1.97863e-02
	     584.900	         759	        4408	 5.79567e+03	 2.65627e+09	 1.97972e+04	 1.16951e+07	 8.80759e+04	 2.68829e+07	 1.97682e-02
	     586.400	         761	        4417	 5.79431e+03	 2.65626e+09	 1.97847e+04	 1.17248e+07	 8.81384e+04	 2.70151e+07	 1.97631e-02
	     589.400	         763	        4429	 5.79160e+03	 2.65623e+09	 1.97623e+04	 1.17840e+07	 8.82745e+04	 2.72799e+07	 1.97522e-02
	     590.900	         765	        4441	 5.79025e+03	 2.65622e+09	 1.97481e+04	 1.18137e+07	 8.83633e+04	 2.74125e+07	 1.97469e-02
	     593.900	         767	        4453	 5.78752e+03	 2.65619e+09	 1.97243e+04	 1.18728e+07	 8.85044e+04	 2.76780e+07	 1.97362e-02
	     595.400	         769	        4465	 5.78615e+03	 2.65618e+09	 1.97127e+04	 1.19024e+07	 8.85761e+04	 2.78109e+07	 1.97308e-02
	     598.400	         771	        4477	 5.78339e+03	 2.65615e+09	 1.96893e+04	 1.19615e+07	 8.87152e+04	 2.80770e+07	 1.97201e-02
	     599.900	         773	        4489	 5.78201e+03	 2.65613e+09	 1.96771e+04	 1.19910e+07	 8.87915e+04	 2.82102e+07	 1.97147e-02
	     602.900	         775	        4502	 5.77921e+03	 2.65610e+09	 1.96539e+04	 1.20500e+07	 8.89251e+04	 2.84770e+07	 1.97042e-02
	     607.900	         781	        4537	 5.77452e+03	 2.65606e+09	 1.96133e+04	 1.21480e+07	 8.91851e+04	 2.89229e+07	 1.96861e-02
	     609.400	         784	        4551	 5.77310e+03	 2.65604e+09	 1.96015e+04	 1.21774e+07	 8.92533e+04	 2.90568e+07	 1.96808e-02
	     612.400	         786	        4564	 5.77026e+03	 2.65602e+09	 1.95802e+04	 1.22362e+07	 8.93817e+04	 2.93249e+07	 1.96701e-02
	     613.900	         788	        4576	 5.76884e+03	 2.65600e+09	 1.95691e+04	 1.22655e+07	 8.94631e+04	 2.94591e+07	 1.96644e-02
	     616.900	         790	        4589	 5.76597e+03	 2.65597e+09	 1.95469e+04	 1.23242e+07	 8.96061e+04	 2.97279e+07	 1.96535e-02
	     618.400	         792	        4604	 5.76454e+03	 2.65596e+09	 1.95347e+04	 1.23535e+07	 8.97000e+04	 2.98625e+07	 1.96477e-02
	     621.400	         794	        4620	 5.76165e+03	 2.65593e+09	 1.95062e+04	 1.24120e+07	 8.99088e+04	 3.01322e+07	 1.96364e-02
	     626.400	         797	        4650	 5.75676e+03	 2.65588e+09	 1.94281e+04	 1.25091e+07	 9.04525e+04	 3.05845e+07	 1.96184e-02
	     627.900	         801	        4672	 5.75528e+03	 2.65586e+09	 1.94088e+04	 1.25382e+07	 9.05914e+04	 3.07204e+07	 1.96131e-02
	     630.900	         804	        4693	 5.75228e+03	 2.65583e+09	 1.93598e+04	 1.25963e+07	 9.09519e+04	 3.09932e+07	 1.96031e-02
	     635.900	         807	        4716	 5.74712e+03	 2.65578e+09	 1.92417e+04	 1.26925e+07	 9.17466e+04	 3.14520e+07	 1.95889e-02
	     640.900	         809	        4728	 5.74172e+03	 2.65573e+09	 1.91163e+04	 1.27881e+07	 9.24613e+04	 3.19143e+07	 1.95773e-02
	     645.900	         812	        4752	 5.73625e+03	 2.65567e+09	 1.89896e+04	 1.28830e+07	 9.32349e+04	 3.23804e+07	 1.95646e-02
	     650.900	         814	        4768	 5.73064e+03	 2.65562e+09	 1.88794e+04	 1.29774e+07	 9.37946e+04	 3.28494e+07	 1.95533e-02
	     655.900	         816	        4789	 5.72496e+03	 2.65556e+09	 1.87841e+04	 1.30714e+07	 9.42668e+04	 3.33207e+07	 1.95413e-02
	     660.900	         818	        4815	 5.71923e+03	 2.65550e+09	 1.87035e+04	 1.31649e+07	 9.45852e+04	 3.37937e+07	 1.95299e-02
	     662.400	         820	        4826	 5.71748e+03	 2.65548e+09	 1.86817e+04	 1.31929e+07	 9.46592e+04	 3.39357e+07	 1.95265e-02
	     665.400	         822	        4841	 5.71402e+03	 2.65545e+09	 1.86457e+04	 1.32488e+07	 9.48354e+04	 3.42202e+07	 1.95179e-02
	     670.400	         824	        4860	 5.70816e+03	 2.65539e+09	 1.85767e+04	 1.33417e+07	 9.50595e+04	 3.46955e+07	 1.95066e-02
	     675.400	         826	        4877	 5.70230e+03	 2.65533e+09	 1.85209e+04	 1.34343e+07	 9.52716e+04	 3.51718e+07	 1.94934e-02
	     680.400	         830	        5102	 5.69647e+03	 2.65527e+09	 1.84560e+04	 1.35266e+07	 9.55507e+04	 3.56496e+07	 1.94806e-02
	     685.400	         834	        5142	 5.69065e+03	 2.65521e+09	 1.84007e+04	 1.36186e+07	 9.57813e+04	 3.61285e+07	 1.94667e-02
	     690.400	         836	        5165	 5.68483e+03	 2.65515e+09	 1.83496e+04	 1.37104e+07	 9.59610e+04	 3.66083e+07	 1.94534e-02
	     695.400	         838	        5185	 5.67893e+03	 2.65509e+09	 1.82928e+04	 1.38018e+07	 9.61361e+04	 3.70890e+07	 1.94415e-02
	     700.400	         840	        5204	 5.67301e+03	 2.65503e+09	 1.82535e+04	 1.38931e+07	 9.62473e+04	 3.75702e+07	 1.94278e-02
	     705.400	         842	        5222	 5.66706e+03	 2.65497e+09	 1.82057e+04	 1.39841e+07	 9.64126e+04	 3.80523e+07	 1.94147e-02
	     710.400	         844	        5236	 5.66107e+03	 2.65491e+09	 1.81582e+04	 1.40749e+07	 9.65614e+04	 3.85351e+07	 1.94018e-02
	     715.400	         847	        5265	 5.65509e+03	 2.65485e+09	 1.81088e+04	 1.41655e+07	 9.67351e+04	 3.90187e+07	 1.93890e-02
	     720.000	         849	        5288	 5.64954e+03	 2.65480e+09	 1.80646e+04	 1.42486e+07	 9.68585e+04	 3.94643e+07	 1.93775e-02
	     725.000	         851	        5312	 5.64352e+03	 2.65474e+09	 1.80141e+04	 1.43386e+07	 9.70194e+04	 3.99494e+07	 1.93650e-02
	     735.000	         854	        5337	 5.63143e+03	 2.65462e+09	 1.79170e+04	 1.45178e+07	 9.72999e+04	 4.09224e+07	 1.93404e-02
	     745.000	         858	        5378	 5.61937e+03	 2.65449e+09	 1.78221e+04	 1.46960e+07	 9.75504e+04	 4.18979e+07	 1.93162e-02
	     745.900	         859	        5382	 5.61823e+03	 2.65448e+09	 1.78144e+04	 1.47120e+07	 9.75589e+04	 4.19857e+07	 1.93142e-02
	     747.700	         862	        5397	 5.61605e+03	 2.65446e+09	 1.78025e+04	 1.47441e+07	 9.75506e+04	 4.21613e+07	 1.93099e-02
	     751.300	         865	        5416	 5.61170e+03	 2.65442e+09	 1.77799e+04	 1.48081e+07	 9.75835e+04	 4.25126e+07	 1.93002e-02
	     758.500	         868	        5435	 5.60299e+03	 2.65433e+09	 1.77133e+04	 1.49356e+07	 9.77603e+04	 4.32165e+07	 1.92825e-02
	     768.500	         871	        5456	 5.59085e+03	 2.65421e+09	 1.76180e+04	 1.51118e+07	 9.80118e+04	 4.41966e+07	 1.92588e-02
	     778.500	         874	        5476	 5.57867e+03	 2.65408e+09	 1.75291e+04	 1.52871e+07	 9.82256e+04	 4.51788e+07	 1.92352e-02
	     788.500	         877	        5497	 5.56647e+03	 2.65396e+09	 1.74460e+04	 1.54616e+07	 9.84019e+04	 4.61629e+07	 1.92115e-02
	     798.500	         880	        5518	 5.55429e+03	 2.65384e+09	 1.73638e+04	 1.56352e+07	 9.85803e+04	 4.71487e+07	 1.91878e-02
	     808.500	         883	        5539	 5.54208e+03	 2.65371e+09	 1.72808e+04	 1.58080e+07	 9.87586e+04	 4.81362e+07	 1.91645e-02
	     818.500	         886	        5560	 5.52989e+03	 2.65359e+09	 1.71989e+04	 1.59800e+07	 9.89213e+04	 4.91255e+07	 1.91416e-02
	     828.500	         889	        5583	 5.51771e+03	 2.65347e+09	 1.71178e+04	 1.61512e+07	 9.90744e+04	 5.01162e+07	 1.91190e-02
	     838.500	         892	        5606	 5.50551e+03	 2.65334e+09	 1.70364e+04	 1.63215e+07	 9.92185e+04	 5.11084e+07	 1.90969e-02
	     848.500	         895	        5630	 5.49333e+03	 2.65322e+09	 1.69566e+04	 1.64911e+07	 9.93418e+04	 5.21018e+07	 1.90749e-02
	     858.500	         898	        5654	 5.48115e+03	 2.65310e+09	 1.68753e+04	 1.66599e+07	 9.94720e+04	 5.30965e+07	 1.90532e-02
	     868.500	         901	        5682	 5.46902e+03	 2.65298e+09	 1.67970e+04	 1.68278e+07	 9.95851e+04	 5.40924e+07	 1.90314e-02
	     878.500	         904	        5712	 5.45691e+03	 2.65286e+09	 1.67148e+04	 1.69950e+07	 9.97167e+04	 5.50895e+07	 1.90101e-02
	     888.500	         907	        5743	 5.44486e+03	 2.65273e+09	 1.66425e+04	 1.71614e+07	 9.97991e+04	 5.60875e+07	 1.89881e-02
	     889.400	         908	        5749	 5.44376e+03	 2.65272e+09	 1.66401e+04	 1.71764e+07	 9.97908e+04	 5.61773e+07	 1.89858e-02
	     891.200	         909	        5755	 5.44154e+03	 2.65270e+09	 1.66266e+04	 1.72063e+07	 9.97886e+04	 5.63570e+07	 1.89820e-02
	     894.800	         911	        5769	 5.43720e+03	 2.65266e+09	 1.65997e+04	 1.72661e+07	 9.98326e+04	 5.67164e+07	 1.89741e-02
	     902.000	         914	        5789	 5.42853e+03	 2.65257e+09	 1.65419e+04	 1.73852e+07	 9.99206e+04	 5.74358e+07	 1.89587e-02
	     912.000	         917	        5812	 5.41653e+03	 2.65245e+09	 1.64659e+04	 1.75498e+07	 1.00012e+05	 5.84359e+07	 1.89375e-02
	     922.000	         920	        5833	 5.40453e+03	 2.65233e+09	 1.63924e+04	 1.77138e+07	 1.00089e+05	 5.94368e+07	 1.89165e-02
	     932.000	         923	        5856	 5.39258e+03	 2.65221e+09	 1.63195e+04	 1.78769e+07	 1.00180e+05	 6.04386e+07	 1.88953e-02
	     942.000	         926	        5879	 5.38066e+03	 2.65209e+09	 1.62479e+04	 1.80394e+07	 1.00259e+05	 6.14412e+07	 1.88743e-02
	     952.000	         929	        5901	 5.36878e+03	 2.65197e+09	 1.61770e+04	 1.82012e+07	 1.00322e+05	 6.24444e+07	 1.88535e-02
	     962.000	         932	        5932	 5.35696e+03	 2.65185e+09	 1.61063e+04	 1.83623e+07	 1.00391e+05	 6.34483e+07	 1.88325e-02
	     972.000	         935	        5955	 5.34518e+03	 2.65173e+09	 1.60352e+04	 1.85226e+07	 1.00449e+05	 6.44528e+07	 1.88120e-02
	     982.000	         938	        5978	 5.33345e+03	 2.65161e+09	 1.59624e+04	 1.86822e+07	 1.00512e+05	 6.54579e+07	 1.87916e-02
	     992.000	         941	        6001	 5.32176e+03	 2.65149e+09	 1.58901e+04	 1.88411e+07	 1.00575e+05	 6.64637e+07	 1.87713e-02
	    1002.000	         945	        6032	 5.31013e+03	 2.65138e+09	 1.58195e+04	 1.89993e+07	 1.00624e+05	 6.74699e+07	 1.87512e-02
	    1012.000	         948	        6055	 5.29855e+03	 2.65126e+09	 1.57510e+04	 1.91568e+07	 1.00644e+05	 6.84764e+07	 1.87313e-02
	    1022.000	         951	        6077	 5.28704e+03	 2.65114e+09	 1.56841e+04	 1.93137e+07	 1.00658e+05	 6.94829e+07	 1.87113e-02
	    1032.000	         955	        6106	 5.27562e+03	 2.65103e+09	 1.56182e+04	 1.94699e+07	 1.00666e+05	 7.04896e+07	 1.86912e-02
	    1042.000	         959	        6134	 5.26428e+03	 2.65091e+09	 1.55543e+04	 1.96254e+07	 1.00656e+05	 7.14961e+07	 1.86712e-02
	    1052.000	         964	        6168	 5.25303e+03	 2.65080e+09	 1.54908e+04	 1.97803e+07	 1.00644e+05	 7.25026e+07	 1.86512e-02
	    1062.000	         967	        6191	 5.24185e+03	 2.65069e+09	 1.54281e+04	 1.99346e+07	 1.00628e+05	 7.35089e+07	 1.86313e-02
	    1072.000	         970	        6212	 5.23075e+03	 2.65058e+09	 1.53651e+04	 2.00882e+07	 1.00618e+05	 7.45151e+07	 1.86113e-02
	    1080.000	         973	        6236	 5.22193e+03	 2.65049e+09	 1.53132e+04	 2.02108e+07	 1.00630e+05	 7.53201e+07	 1.85953e-02
	    1090.000	         976	        6259	 5.21095e+03	 2.65038e+09	 1.52429e+04	 2.03632e+07	 1.00690e+05	 7.63270e+07	 1.85753e-02
	    1110.000	         980	        6291	 5.18910e+03	 2.65016e+09	 1.50889e+04	 2.06650e+07	 1.00893e+05	 7.83449e+07	 1.85360e-02
	    1150.000	         988	        6362	 5.14599e+03	 2.64972e+09	 1.47848e+04	 2.12564e+07	 1.01224e+05	 8.23938e+07	 1.84576e-02
	    1190.000	         994	        6412	 5.10381e+03	 2.64929e+09	 1.45091e+04	 2.18367e+07	 1.01423e+05	 8.64508e+07	 1.83779e-02
	    1230.000	         999	        6460	 5.06267e+03	 2.64888e+09	 1.42623e+04	 2.24072e+07	 1.01602e+05	 9.05148e+07	 1.82984e-02
	    1270.000	        1005	        6515	 5.02274e+03	 2.64848e+09	 1.40427e+04	 2.29689e+07	 1.01778e+05	 9.45859e+07	 1.82188e-02
	    1310.000	        1013	        6585	 4.98430e+03	 2.64809e+09	 1.38158e+04	 2.35216e+07	 1.01980e+05	 9.86652e+07	 1.81398e-02
	    1350.000	        1019	        6636	 4.94779e+03	 2.64772e+09	 1.35845e+04	 2.40649e+07	 1.02293e+05	 1.02757e+08	 1.80608e-02
	    1390.000	        1025	        6687	 4.91320e+03	 2.64737e+09	 1.33691e+04	 2.45997e+07	 1.02569e+05	 1.06860e+08	 1.79818e-02
	    1430.000	        1030	        6731	 4.88031e+03	 2.64704e+09	 1.31725e+04	 2.51266e+07	 1.02789e+05	 1.10971e+08	 1.79030e-02
	    1440.000	        1032	        6749	 4.87228e+03	 2.64696e+09	 1.31234e+04	 2.52578e+07	 1.02847e+05	 1.12000e+08	 1.78833e-02
	    1460.000	        1035	        6774	 4.85641e+03	 2.64680e+09	 1.30279e+04	 2.55184e+07	 1.02952e+05	 1.14059e+08	 1.78439e-02
	    1500.000	        1042	        6834	 4.82564e+03	 2.64649e+09	 1.28468e+04	 2.60323e+07	 1.03139e+05	 1.18184e+08	 1.77655e-02
	    1540.000	        1049	        6888	 4.79601e+03	 2.64619e+09	 1.26776e+04	 2.65394e+07	 1.03314e+05	 1.22317e+08	 1.76888e-02
	    1580.000	        1056	        6942	 4.76768e+03	 2.64590e+09	 1.25176e+04	 2.70401e+07	 1.03464e+05	 1.26455e+08	 1.76127e-02
	    1620.000	        1064	        6998	 4.74031e+03	 2.64563e+09	 1.23666e+04	 2.75347e+07	 1.03607e+05	 1.30600e+08	 1.75373e-02
	    1660.000	        1076	        7069	 4.71372e+03	 2.64536e+09	 1.22201e+04	 2.80235e+07	 1.03703e+05	 1.34748e+08	 1.74624e-02
	    1680.000	        1079	        7093	 4.70063e+03	 2.64523e+09	 1.21483e+04	 2.82665e+07	 1.03745e+05	 1.36823e+08	 1.74252e-02
	    1720.000	        1090	        7158	 4.67500e+03	 2.64497e+09	 1.20119e+04	 2.87470e+07	 1.03778e+05	 1.40974e+08	 1.73515e-02
	    1740.000	        1093	        7181	 4.66232e+03	 2.64484e+09	 1.19450e+04	 2.89859e+07	 1.03814e+05	 1.43050e+08	 1.73148e-02
	    1780.000	        1101	        7238	 4.63712e+03	 2.64459e+09	 1.17986e+04	 2.94578e+07	 1.04027e+05	 1.47211e+08	 1.72424e-02
	    1800.000	        1104	        7260	 4.62451e+03	 2.64446e+09	 1.17189e+04	 2.96922e+07	 1.04213e+05	 1.49295e+08	 1.72063e-02
	    1840.000	        1109	        7302	 4.59900e+03	 2.64420e+09	 1.15450e+04	 3.01540e+07	 1.04704e+05	 1.53484e+08	 1.71347e-02
	    1880.000	        1115	        7352	 4.57322e+03	 2.64394e+09	 1.13741e+04	 3.06090e+07	 1.05180e+05	 1.57691e+08	 1.70634e-02
	    1920.000	        1120	        7391	 4.54721e+03	 2.64368e+09	 1.12089e+04	 3.10573e+07	 1.05653e+05	 1.61917e+08	 1.69927e-02
	    1960.000	        1125	        7428	 4.52112e+03	 2.64342e+09	 1.10547e+04	 3.14995e+07	 1.05997e+05	 1.66157e+08	 1.69224e-02
	    2000.000	        1130	        7469	 4.49503e+03	 2.64316e+09	 1.09047e+04	 3.19357e+07	 1.06248e+05	 1.70407e+08	 1.68526e-02
	    2040.000	        1135	        7504	 4.46917e+03	 2.64290e+09	 1.07641e+04	 3.23663e+07	 1.06355e+05	 1.74661e+08	 1.67834e-02
	    2080.000	        1141	        7555	 4.44366e+03	 2.64264e+09	 1.06304e+04	 3.27915e+07	 1.06372e+05	 1.78916e+08	 1.67148e-02
	    2120.000	        1147	        7595	 4.41863e+03	 2.64238e+09	 1.05023e+04	 3.32116e+07	 1.06330e+05	 1.83169e+08	 1.66469e-02
	    2160.000	        1154	        7640	 4.39413e+03	 2.64214e+09	 1.03780e+04	 3.36267e+07	 1.06231e+05	 1.87418e+08	 1.65796e-02
	    2200.000	        1161	        7685	 4.37014e+03	 2.64190e+09	 1.02566e+04	 3.40370e+07	 1.06125e+05	 1.91663e+08	 1.65129e-02
	    2240.000	        1168	        7734	 4.34675e+03	 2.64166e+09	 1.01397e+04	 3.44425e+07	 1.06012e+05	 1.95904e+08	 1.64469e-02
	    2280.000	        1176	        7789	 4.32393e+03	 2.64143e+09	 1.00271e+04	 3.48436e+07	 1.05891e+05	 2.00139e+08	 1.63816e-02
	    2320.000	        1181	        7827	 4.30165e+03	 2.64121e+09	 9.91677e+03	 3.52403e+07	 1.05833e+05	 2.04373e+08	 1.63168e-02
	    2360.000	        1186	        7864	 4.27976e+03	 2.64099e+09	 9.80719e+03	 3.56326e+07	 1.05841e+05	 2.08606e+08	 1.62525e-02
	    2400.000	        1191	        7901	 4.25829e+03	 2.64077e+09	 9.69680e+03	 3.60205e+07	 1.05874e+05	 2.12841e+08	 1.61889e-02
	    2440.000	        1196	        7938	 4.23719e+03	 2.64056e+09	 9.58057e+03	 3.64037e+07	 1.05978e+05	 2.17080e+08	 1.61255e-02
	    2480.000	        1201	        7979	 4.21633e+03	 2.64035e+09	 9.46056e+03	 3.67821e+07	 1.06178e+05	 2.21328e+08	 1.60620e-02
	    2520.000	        1206	        8022	 4.19572e+03	 2.64014e+09	 9.33737e+03	 3.71556e+07	 1.06431e+05	 2.25585e+08	 1.59986e-02
	    2560.000	        1210	        8058	 4.17542e+03	 2.63993e+09	 9.21729e+03	 3.75243e+07	 1.06685e+05	 2.29852e+08	 1.59356e-02
	    2600.000	        1216	        8106	 4.15540e+03	 2.63973e+09	 9.10117e+03	 3.78883e+07	 1.06920e+05	 2.34129e+08	 1.58732e-02
	    2640.000	        1221	        8145	 4.13579e+03	 2.63953e+09	 8.98977e+03	 3.82479e+07	 1.07142e+05	 2.38415e+08	 1.58116e-02
	    2680.000	        1225	        8179	 4.11669e+03	 2.63934e+09	 8.88245e+03	 3.86032e+07	 1.07352e+05	 2.42709e+08	 1.57509e-02
	    2720.000	        1229	        8213	 4.09809e+03	 2.63915e+09	 8.77903e+03	 3.89544e+07	 1.07554e+05	 2.47011e+08	 1.56912e-02
	    2760.000	        1234	        8255	 4.08003e+03	 2.63897e+09	 8.67897e+03	 3.93015e+07	 1.07778e+05	 2.51322e+08	 1.56327e-02
	    2800.000	        1238	        8292	 4.06255e+03	 2.63879e+09	 8.58104e+03	 3.96448e+07	 1.08065e+05	 2.55645e+08	 1.55757e-02
	    2840.000	        1243	        8334	 4.04562e+03	 2.63862e+09	 8.48507e+03	 3.99842e+07	 1.08413e+05	 2.59981e+08	 1.55200e-02
	    2880.000	        1248	        8375	 4.02930e+03	 2.63846e+09	 8.39215e+03	 4.03199e+07	 1.08785e+05	 2.64333e+08	 1.54656e-02
	    2920.000	        1253	        8415	 4.01368e+03	 2.63830e+09	 8.29992e+03	 4.06519e+07	 1.09164e+05	 2.68699e+08	 1.54123e-02
	    2960.000	        1258	        8461	 3.99885e+03	 2.63815e+09	 8.21001e+03	 4.09803e+07	 1.09538e+05	 2.73081e+08	 1.53603e-02
	    3000.000	        1262	        8504	 3.98496e+03	 2.63801e+09	 8.12528e+03	 4.13053e+07	 1.09949e+05	 2.77479e+08	 1.53090e-02
	    3040.000	        1267	        8549	 3.97192e+03	 2.63788e+09	 8.04530e+03	 4.16271e+07	 1.10383e+05	 2.81894e+08	 1.52586e-02
	    3080.000	        1272	        8598	 3.95943e+03	 2.63775e+09	 7.96692e+03	 4.19458e+07	 1.10825e+05	 2.86327e+08	 1.52090e-02
	    3120.000	        1276	        8637	 3.94725e+03	 2.63763e+09	 7.88911e+03	 4.22613e+07	 1.11270e+05	 2.90778e+08	 1.51594e-02
	    3160.000	        1280	        8675	 3.93527e+03	 2.63751e+09	 7.81041e+03	 4.25737e+07	 1.11730e+05	 2.95247e+08	 1.51098e-02
	    3200.000	        1284	        8714	 3.92340e+03	 2.63739e+09	 7.73217e+03	 4.28830e+07	 1.12196e+05	 2.99735e+08	 1.50604e-02
	    3240.000	        1288	        8750	 3.91155e+03	 2.63727e+09	 7.65555e+03	 4.31893e+07	 1.12683e+05	 3.04242e+08	 1.50113e-02
	    3280.000	        1292	        8789	 3.89968e+03	 2.63715e+09	 7.58011e+03	 4.34925e+07	 1.13217e+05	 3.08771e+08	 1.49628e-02
	    3320.000	        1297	        8837	 3.88779e+03	 2.63703e+09	 7.50565e+03	 4.37927e+07	 1.13769e+05	 3.13322e+08	 1.49147e-02
	    3360.000	        1302	        8886	 3.87583e+03	 2.63691e+09	 7.43014e+03	 4.40899e+07	 1.14375e+05	 3.17896e+08	 1.48669e-02
	    3400.000	        1307	        8931	 3.86377e+03	 2.63679e+09	 7.35208e+03	 4.43840e+07	 1.15054e+05	 3.22499e+08	 1.48193e-02
	    3440.000	        1312	        8977	 3.85152e+03	 2.63667e+09	 7.27774e+03	 4.46751e+07	 1.15864e+05	 3.27133e+08	 1.47700e-02
	    3480.000	        1318	        9028	 3.83908e+03	 2.63654e+09	 7.20235e+03	 4.49632e+07	 1.16648e+05	 3.31799e+08	 1.47197e-02
	    3520.000	        1324	        9078	 3.82648e+03	 2.63641e+09	 7.12657e+03	 4.52482e+07	 1.17343e+05	 3.36493e+08	 1.46688e-02
	    3560.000	        1330	        9127	 3.81373e+03	 2.63629e+09	 7.05252e+03	 4.55303e+07	 1.17970e+05	 3.41212e+08	 1.46171e-02
	    3600.000	        1336	        9177	 3.80083e+03	 2.63616e+09	 6.98025e+03	 4.58096e+07	 1.18581e+05	 3.45955e+08	 1.45646e-02

Row 2
	        TIME	        FWPT	        FGIR	        FGIT	        FWIR	        FWIT	        WBHP	        WBHP
	         DAY	         STB	    MSCF/DAY	        MSCF	     STB/DAY	         STB	        PSIA	        PSIA
	           -	           -	           -	           -	           -	           -	       INJE1	       PROD1
	       0.010	 1.75311e-05	 1.00000e+05	 1.00000e+03	 0.00000e+00	 0.00000e+00	 7.88134e+03	 3.39539e+03
	       0.110	 5.31360e-04	 1.00000e+05	 1.10000e+04	 0.00000e+00	 0.00000e+00	 7.43917e+03	 2.89904e+03
	       0.210	 1.14333e-03	 1.00000e+05	 2.10000e+04	 0.00000e+00	 0.00000e+00	 7.29598e+03	 2.75202e+03
	       0.329	 1.97757e-03	 1.00000e+05	 3.28820e+04	 0.00000e+00	 0.00000e+00	 7.15581e+03	 2.61689e+03
	       0.528	 3.63217e-03	 1.00000e+05	 5.28018e+04	 0.00000e+00	 0.00000e+00	 7.06629e+03	 2.43076e+03
	       0.827	 6.50855e-03	 1.00000e+05	 8.26814e+04	 0.00000e+00	 0.00000e+00	 6.97924e+03	 2.24987e+03
	       1.000	 8.25935e-03	 1.00000e+05	 1.00000e+05	 0.00000e+00	 0.00000e+00	 6.92888e+03	 2.18558e+03
	       1.346	 1.19512e-02	 1.00000e+05	 1.34637e+05	 0.00000e+00	 0.00000e+00	 6.88504e+03	 2.11204e+03
	       1.866	 1.78077e-02	 1.00000e+05	 1.86593e+05	 0.00000e+00	 0.00000e+00	 6.86599e+03	 2.03174e+03
	       2.645	 2.72551e-02	 1.00000e+05	 2.64526e+05	 0.00000e+00	 0.00000e+00	 6.84536e+03	 1.92446e+03
	       3.814	 4.24923e-02	 1.00000e+05	 3.81427e+05	 0.00000e+00	 0.00000e+00	 6.84077e+03	 1.81174e+03
	       4.000	 4.49376e-02	 1.00000e+05	 4.00000e+05	 0.00000e+00	 0.00000e+00	 6.83333e+03	 1.79583e+03
	       4.371	 4.99121e-02	 9.99986e+04	 4.37146e+05	 0.00000e+00	 0.00000e+00	 6.82017e+03	 1.76824e+03
	       5.114	 6.01676e-02	 1.00000e+05	 5.11439e+05	 0.00000e+00	 0.00000e+00	 6.80370e+03	 1.71854e+03
	       6.600	 8.17594e-02	 1.00000e+05	 6.60026e+05	 0.00000e+00	 0.00000e+00	 6.78759e+03	 1.63296e+03
	       9.081	 1.20217e-01	 1.00000e+05	 9.08118e+05	 0.00000e+00	 0.00000e+00	 6.77119e+03	 1.52143e+03
	      12.081	 1.69281e-01	 1.00000e+05	 1.20812e+06	 0.00000e+00	 0.00000e+00	 6.74982e+03	 1.42484e+03
	      13.000	 1.84518e-01	 1.00000e+05	 1.30000e+06	 0.00000e+00	 0.00000e+00	 6.73943e+03	 1.39932e+03
	      14.838	 2.15778e-01	 1.00000e+05	 1.48376e+06	 0.00000e+00	 0.00000e+00	 6.72776e+03	 1.35197e+03
	      17.838	 2.68611e-01	 1.00000e+05	 1.78376e+06	 0.00000e+00	 0.00000e+00	 6.71357e+03	 1.28643e+03
	      20.838	 3.22933e-01	 1.00000e+05	 2.08376e+06	 0.00000e+00	 0.00000e+00	 6.69752e+03	 1.23258e+03
	      23.838	 3.78495e-01	 1.00000e+05	 2.38376e+06	 0.00000e+00	 0.00000e+00	 6.68251e+03	 1.18792e+03
	      26.838	 4.35088e-01	 1.00000e+05	 2.68376e+06	 0.00000e+00	 0.00000e+00	 6.66715e+03	 1.15094e+03
	      29.838	 4.92509e-01	 1.00000e+05	 2.98376e+06	 0.00000e+00	 0.00000e+00	 6.65277e+03	 1.12110e+03
	      32.838	 5.50569e-01	 1.00000e+05	 3.28376e+06	 0.00000e+00	 0.00000e+00	 6.63834e+03	 1.09772e+03
	      35.838	 6.09123e-01	 1.00000e+05	 3.58376e+06	 0.00000e+00	 0.00000e+00	 6.62518e+03	 1.07942e+03
	      38.838	 6.68038e-01	 1.00000e+05	 3.88376e+06	 0.00000e+00	 0.00000e+00	 6.61250e+03	 1.06555e+03
	      41.838	 7.27183e-01	 1.00000e+05	 4.18376e+06	 0.00000e+00	 0.00000e+00	 6.60041e+03	 1.05614e+03
	      42.000	 7.30385e-01	 1.00000e+05	 4.20000e+06	 0.00000e+00	 0.00000e+00	 6.59987e+03	 1.05566e+03
	      42.325	 7.36790e-01	 1.00000e+05	 4.23247e+06	 0.00000e+00	 0.00000e+00	 6.59819e+03	 1.05471e+03
	      42.974	 7.49610e-01	 1.00000e+05	 4.29742e+06	 0.00000e+00	 0.00000e+00	 6.59506e+03	 1.05305e+03
	      44.273	 7.75272e-01	 1.00000e+05	 4.42731e+06	 0.00000e+00	 0.00000e+00	 6.58944e+03	 1.05050e+03
	      46.871	 8.26614e-01	 1.00000e+05	 4.68709e+06	 0.00000e+00	 0.00000e+00	 6.58002e+03	 1.04824e+03
	      49.871	 8.85834e-01	 1.00000e+05	 4.98709e+06	 0.00000e+00	 0.00000e+00	 6.56869e+03	 1.04886e+03
	      50.000	 8.88383e-01	 1.00000e+05	 5.00000e+06	 0.00000e+00	 0.00000e+00	 6.56835e+03	 1.04888e+03
	      50.258	 8.93480e-01	 1.00000e+05	 5.02582e+06	 0.00000e+00	 0.00000e+00	 6.56709e+03	 1.04896e+03
	      50.775	 9.03670e-01	 1.00000e+05	 5.07747e+06	 0.00000e+00	 0.00000e+00	 6.56468e+03	 1.04923e+03
	      51.808	 9.24037e-01	 1.00000e+05	 5.18077e+06	 0.00000e+00	 0.00000e+00	 6.56054e+03	 1.05011e+03
	      53.874	 9.64681e-01	 1.00000e+05	 5.38737e+06	 0.00000e+00	 0.00000e+00	 6.55420e+03	 1.05318e+03
	      56.874	 1.02345e+00	 1.00000e+05	 5.68737e+06	 0.00000e+00	 0.00000e+00	 6.54496e+03	 1.06008e+03
	      59.874	 1.08190e+00	 1.00000e+05	 5.98737e+06	 0.00000e+00	 0.00000e+00	 6.53555e+03	 1.06909e+03
	      62.874	 1.13998e+00	 1.00000e+05	 6.28737e+06	 0.00000e+00	 0.00000e+00	 6.52668e+03	 1.07991e+03
	      65.874	 1.19765e+00	 1.00000e+05	 6.58737e+06	 0.00000e+00	 0.00000e+00	 6.51825e+03	 1.09238e+03
	      68.874	 1.25486e+00	 1.00000e+05	 6.88737e+06	 0.00000e+00	 0.00000e+00	 6.51064e+03	 1.10674e+03
	      71.874	 1.31156e+00	 1.00000e+05	 7.18737e+06	 0.00000e+00	 0.00000e+00	 6.50333e+03	 1.12283e+03
	      74.874	 1.36771e+00	 1.00000e+05	 7.48737e+06	 0.00000e+00	 0.00000e+00	 6.49613e+03	 1.14021e+03
	      77.874	 1.42329e+00	 1.00000e+05	 7.78737e+06	 0.00000e+00	 0.00000e+00	 6.48897e+03	 1.15869e+03
	      80.874	 1.47828e+00	 1.00000e+05	 8.08737e+06	 0.00000e+00	 0.00000e+00	 6.48220e+03	 1.17810e+03
	      83.874	 1.53266e+00	 1.00000e+05	 8.38737e+06	 0.00000e+00	 0.00000e+00	 6.47585e+03	 1.19830e+03
	      86.874	 1.58642e+00	 1.00000e+05	 8.68737e+06	 0.00000e+00	 0.00000e+00	 6.46964e+03	 1.21914e+03
	      89.874	 1.63956e+00	 1.00000e+05	 8.98737e+06	 0.00000e+00	 0.00000e+00	 6.46358e+03	 1.24027e+03
	      92.874	 1.69209e+00	 1.00000e+05	 9.28737e+06	 0.00000e+00	 0.00000e+00	 6.45794e+03	 1.26123e+03
	      95.874	 1.74405e+00	 1.00000e+05	 9.58737e+06	 0.00000e+00	 0.00000e+00	 6.45300e+03	 1.28168e+03
	      98.874	 1.79545e+00	 1.00000e+05	 9.88737e+06	 0.00000e+00	 0.00000e+00	 6.44838e+03	 1.30140e+03
	     101.874	 1.84632e+00	 1.00000e+05	 1.01874e+07	 0.00000e+00	 0.00000e+00	 6.44410e+03	 1.32037e+03
	     104.874	 1.89669e+00	 1.00000e+05	 1.04874e+07	 0.00000e+00	 0.00000e+00	 6.44049e+03	 1.33884e+03
	     107.874	 1.94656e+00	 1.00000e+05	 1.07874e+07	 0.00000e+00	 0.00000e+00	 6.43708e+03	 1.35695e+03
	     110.874	 1.99597e+00	 1.00000e+05	 1.10874e+07	 0.00000e+00	 0.00000e+00	 6.43402e+03	 1.37430e+03
	     113.874	 2.04495e+00	 1.00000e+05	 1.13874e+07	 0.00000e+00	 0.00000e+00	 6.43114e+03	 1.39073e+03
	     116.874	 2.09351e+00	 1.00000e+05	 1.16874e+07	 0.00000e+00	 0.00000e+00	 6.42872e+03	 1.40645e+03
	     119.874	 2.14167e+00	 1.00000e+05	 1.19874e+07	 0.00000e+00	 0.00000e+00	 6.42665e+03	 1.42171e+03
	     122.874	 2.18943e+00	 1.00000e+05	 1.22874e+07	 0.00000e+00	 0.00000e+00	 6.42482e+03	 1.43698e+03
	     125.874	 2.23679e+00	 1.00000e+05	 1.25874e+07	 0.00000e+00	 0.00000e+00	 6.42310e+03	 1.45226e+03
	     128.874	 2.28376e+00	 1.00000e+05	 1.28874e+07	 0.00000e+00	 0.00000e+00	 6.42168e+03	 1.46718e+03
	     131.874	 2.33034e+00	 1.00000e+05	 1.31874e+07	 0.00000e+00	 0.00000e+00	 6.42060e+03	 1.48209e+03
	     134.874	 2.37653e+00	 1.00000e+05	 1.34874e+07	 0.00000e+00	 0.00000e+00	 6.41980e+03	 1.49713e+03
	     137.874	 2.42233e+00	 1.00000e+05	 1.37874e+07	 0.00000e+00	 0.00000e+00	 6.41932e+03	 1.51215e+03
	     140.874	 2.46775e+00	 1.00000e+05	 1.40874e+07	 0.00000e+00	 0.00000e+00	 6.41905e+03	 1.52706e+03
	     143.874	 2.51277e+00	 1.00000e+05	 1.43874e+07	 0.00000e+00	 0.00000e+00	 6.41893e+03	 1.54213e+03
	     146.874	 2.55741e+00	 1.00000e+05	 1.46874e+07	 0.00000e+00	 0.00000e+00	 6.41903e+03	 1.55715e+03
	     149.874	 2.60165e+00	 1.00000e+05	 1.49874e+07	 0.00000e+00	 0.00000e+00	 6.41939e+03	 1.57229e+03
	     152.874	 2.64550e+00	 1.00000e+05	 1.52874e+07	 0.00000e+00	 0.00000e+00	 6.41994e+03	 1.58753e+03
	     155.874	 2.68896e+00	 1.00000e+05	 1.55874e+07	 0.00000e+00	 0.00000e+00	 6.42089e+03	 1.60304e+03
	     158.874	 2.73201e+00	 1.00000e+05	 1.58874e+07	 0.00000e+00	 0.00000e+00	 6.42178e+03	 1.61857e+03
	     161.874	 2.77466e+00	 1.00000e+05	 1.61874e+07	 0.00000e+00	 0.00000e+00	 6.42308e+03	 1.63414e+03
	     164.874	 2.81692e+00	 1.00000e+05	 1.64874e+07	 0.00000e+00	 0.00000e+00	 6.42432e+03	 1.64962e+03
	     167.874	 2.85878e+00	 1.00000e+05	 1.67874e+07	 0.00000e+00	 0.00000e+00	 6.42592e+03	 1.66510e+03
	     170.874	 2.90024e+00	 1.00000e+05	 1.70874e+07	 0.00000e+00	 0.00000e+00	 6.42758e+03	 1.68084e+03
	     173.874	 2.94132e+00	 1.00000e+05	 1.73874e+07	 0.00000e+00	 0.00000e+00	 6.42954e+03	 1.69615e+03
	     176.874	 2.98202e+00	 1.00000e+05	 1.76874e+07	 0.00000e+00	 0.00000e+00	 6.43151e+03	 1.71106e+03
	     179.874	 3.02233e+00	 1.00000e+05	 1.79874e+07	 0.00000e+00	 0.00000e+00	 6.43372e+03	 1.72648e+03
	     180.000	 3.02403e+00	 1.00000e+05	 1.80000e+07	 0.00000e+00	 0.00000e+00	 6.43377e+03	 1.72712e+03
	     180.253	 3.02742e+00	 1.00000e+05	 1.80253e+07	 0.00000e+00	 0.00000e+00	 6.43394e+03	 1.72843e+03
	     180.758	 3.03419e+00	 1.00000e+05	 1.80758e+07	 0.00000e+00	 0.00000e+00	 6.43427e+03	 1.73102e+03
	     181.769	 3.04769e+00	 1.00000e+05	 1.81769e+07	 0.00000e+00	 0.00000e+00	 6.43495e+03	 1.73609e+03
	     183.790	 3.07452e+00	 1.00000e+05	 1.83790e+07	 0.00000e+00	 0.00000e+00	 6.43648e+03	 1.74630e+03
	     186.790	 3.11396e+00	 1.00000e+05	 1.86790e+07	 0.00000e+00	 0.00000e+00	 6.43903e+03	 1.76148e+03
	     189.790	 3.15301e+00	 1.00000e+05	 1.89790e+07	 0.00000e+00	 0.00000e+00	 6.44171e+03	 1.77694e+03
	     192.790	 3.19167e+00	 1.00000e+05	 1.92790e+07	 0.00000e+00	 0.00000e+00	 6.44449e+03	 1.79235e+03
	     195.790	 3.22996e+00	 1.00000e+05	 1.95790e+07	 0.00000e+00	 0.00000e+00	 6.44745e+03	 1.80771e+03
	     198.790	 3.26788e+00	 1.00000e+05	 1.98790e+07	 0.00000e+00	 0.00000e+00	 6.45043e+03	 1.82278e+03
	     201.790	 3.30542e+00	 1.00000e+05	 2.01790e+07	 0.00000e+00	 0.00000e+00	 6.45355e+03	 1.83809e+03
	     204.790	 3.34259e+00	 1.00000e+05	 2.04790e+07	 0.00000e+00	 0.00000e+00	 6.45677e+03	 1.85323e+03
	     207.790	 3.37940e+00	 1.00000e+05	 2.07790e+07	 0.00000e+00	 0.00000e+00	 6.46009e+03	 1.86823e+03
	     210.790	 3.41583e+00	 1.00000e+05	 2.10790e+07	 0.00000e+00	 0.00000e+00	 6.46341e+03	 1.88332e+03
	     213.790	 3.45190e+00	 1.00000e+05	 2.13790e+07	 0.00000e+00	 0.00000e+00	 6.46699e+03	 1.89850e+03
	     216.790	 3.48760e+00	 1.00000e+05	 2.16790e+07	 0.00000e+00	 0.00000e+00	 6.47055e+03	 1.91408e+03
	     219.790	 3.52293e+00	 1.00000e+05	 2.19790e+07	 0.00000e+00	 0.00000e+00	 6.47428e+03	 1.92917e+03
	     222.790	 3.55790e+00	 1.00000e+05	 2.22790e+07	 0.00000e+00	 0.00000e+00	 6.47809e+03	 1.94428e+03
	     225.790	 3.59250e+00	 1.00000e+05	 2.25790e+07	 0.00000e+00	 0.00000e+00	 6.48196e+03	 1.95960e+03
	     228.790	 3.62674e+00	 1.00000e+05	 2.28790e+07	 0.00000e+00	 0.00000e+00	 6.48585e+03	 1.97480e+03
	     231.790	 3.66062e+00	 1.00000e+05	 2.31790e+07	 0.00000e+00	 0.00000e+00	 6.48981e+03	 1.99006e+03
	     234.790	 3.69414e+00	 1.00000e+05	 2.34790e+07	 0.00000e+00	 0.00000e+00	 6.49382e+03	 2.00545e+03
	     237.790	 3.72729e+00	 1.00000e+05	 2.37790e+07	 0.00000e+00	 0.00000e+00	 6.49790e+03	 2.02077e+03
	     240.790	 3.76009e+00	 1.00000e+05	 2.40790e+07	 0.00000e+00	 0.00000e+00	 6.50208e+03	 2.03608e+03
	     243.790	 3.79252e+00	 1.00000e+05	 2.43790e+07	 0.00000e+00	 0.00000e+00	 6.50627e+03	 2.05152e+03
	     246.790	 3.82459e+00	 1.00000e+05	 2.46790e+07	 0.00000e+00	 0.00000e+00	 6.51058e+03	 2.06710e+03
	     249.790	 3.85630e+00	 1.00000e+05	 2.49790e+07	 0.00000e+00	 0.00000e+00	 6.51501e+03	 2.08257e+03
	     252.790	 3.88765e+00	 1.00000e+05	 2.52790e+07	 0.00000e+00	 0.00000e+00	 6.51933e+03	 2.09817e+03
	     255.790	 3.91864e+00	 1.00000e+05	 2.55790e+07	 0.00000e+00	 0.00000e+00	 6.52381e+03	 2.11389e+03
	     258.790	 3.94926e+00	 1.00000e+05	 2.58790e+07	 0.00000e+00	 0.00000e+00	 6.52835e+03	 2.12994e+03
	     261.790	 3.97952e+00	 1.00000e+05	 2.61790e+07	 0.00000e+00	 0.00000e+00	 6.53288e+03	 2.14598e+03
	     264.790	 4.00941e+00	 1.00000e+05	 2.64790e+07	 0.00000e+00	 0.00000e+00	 6.53749e+03	 2.16180e+03
	     267.790	 4.03895e+00	 1.00000e+05	 2.67790e+07	 0.00000e+00	 0.00000e+00	 6.54211e+03	 2.17771e+03
	     270.790	 4.06812e+00	 1.00000e+05	 2.70790e+07	 0.00000e+00	 0.00000e+00	 6.54684e+03	 2.19386e+03
	     273.790	 4.09692e+00	 1.00000e+05	 2.73790e+07	 0.00000e+00	 0.00000e+00	 6.55154e+03	 2.21021e+03
	     276.790	 4.12535e+00	 1.00000e+05	 2.76790e+07	 0.00000e+00	 0.00000e+00	 6.55632e+03	 2.22661e+03
	     279.790	 4.15342e+00	 1.00000e+05	 2.79790e+07	 0.00000e+00	 0.00000e+00	 6.56117e+03	 2.24321e+03
	     282.790	 4.18111e+00	 1.00000e+05	 2.82790e+07	 0.00000e+00	 0.00000e+00	 6.56599e+03	 2.25996e+03
	     285.790	 4.20843e+00	 1.00000e+05	 2.85790e+07	 0.00000e+00	 0.00000e+00	 6.57094e+03	 2.27673e+03
	     288.790	 4.23537e+00	 1.00000e+05	 2.88790e+07	 0.00000e+00	 0.00000e+00	 6.57584e+03	 2.29378e+03
	     291.790	 4.26194e+00	 1.00000e+05	 2.91790e+07	 0.00000e+00	 0.00000e+00	 6.58076e+03	 2.31120e+03
	     294.790	 4.28812e+00	 1.00000e+05	 2.94790e+07	 0.00000e+00	 0.00000e+00	 6.58578e+03	 2.32863e+03
	     297.790	 4.31390e+00	 1.00000e+05	 2.97790e+07	 0.00000e+00	 0.00000e+00	 6.59076e+03	 2.34695e+03
	     300.790	 4.33927e+00	 1.00000e+05	 3.00790e+07	 0.00000e+00	 0.00000e+00	 6.59576e+03	 2.36574e+03
	     303.790	 4.36422e+00	 1.00000e+05	 3.03790e+07	 0.00000e+00	 0.00000e+00	 6.60082e+03	 2.38532e+03
	     306.790	 4.38872e+00	 1.00000e+05	 3.06790e+07	 0.00000e+00	 0.00000e+00	 6.60595e+03	 2.40647e+03
	     307.690	 4.39603e+00	 1.00000e+05	 3.07690e+07	 0.00000e+00	 0.00000e+00	 6.60738e+03	 2.41286e+03
	     309.490	 4.41047e+00	 1.00000e+05	 3.09490e+07	 0.00000e+00	 0.00000e+00	 6.61046e+03	 2.42641e+03
	     310.000	 4.41455e+00	 1.00000e+05	 3.10000e+07	 0.00000e+00	 0.00000e+00	 6.61128e+03	 2.43016e+03
	     311.020	 4.42265e+00	 1.00000e+05	 3.11020e+07	 0.00000e+00	 0.00000e+00	 6.61301e+03	 2.43842e+03
	     313.020	 4.43827e+00	 1.00000e+05	 3.13020e+07	 0.00000e+00	 0.00000e+00	 6.61642e+03	 2.45627e+03
	     315.020	 4.45361e+00	 1.00000e+05	 3.15020e+07	 0.00000e+00	 0.00000e+00	 6.61984e+03	 2.47589e+03
	     317.020	 4.46863e+00	 1.00000e+05	 3.17020e+07	 0.00000e+00	 0.00000e+00	 6.62331e+03	 2.49920e+03
	     319.020	 4.48331e+00	 1.00000e+05	 3.19020e+07	 0.00000e+00	 0.00000e+00	 6.62678e+03	 2.52300e+03
	     321.020	 4.49787e+00	 1.00000e+05	 3.21020e+07	 0.00000e+00	 0.00000e+00	 6.63023e+03	 2.53118e+03
	     323.020	 4.51301e+00	 1.00000e+05	 3.23020e+07	 0.00000e+00	 0.00000e+00	 6.63368e+03	 2.48654e+03
	     325.020	 4.52892e+00	 1.00000e+05	 3.25020e+07	 0.00000e+00	 0.00000e+00	 6.63714e+03	 2.42782e+03
	     327.020	 4.54569e+00	 1.00000e+05	 3.27020e+07	 0.00000e+00	 0.00000e+00	 6.64062e+03	 2.36426e+03
	     329.020	 4.56333e+00	 1.00000e+05	 3.29020e+07	 0.00000e+00	 0.00000e+00	 6.64410e+03	 2.30264e+03
	     331.020	 4.58166e+00	 1.00000e+05	 3.31020e+07	 0.00000e+00	 0.00000e+00	 6.64757e+03	 2.25372e+03
	     333.020	 4.60058e+00	 1.00000e+05	 3.33020e+07	 0.00000e+00	 0.00000e+00	 6.65101e+03	 2.21284e+03
	     335.020	 4.62005e+00	 1.00000e+05	 3.35020e+07	 0.00000e+00	 0.00000e+00	 6.65439e+03	 2.17514e+03
	     335.620	 4.62594e+00	 1.00000e+05	 3.35620e+07	 0.00000e+00	 0.00000e+00	 6.65535e+03	 2.16420e+03
	     336.820	 4.63792e+00	 1.00000e+05	 3.36820e+07	 0.00000e+00	 0.00000e+00	 6.65736e+03	 2.14184e+03
	     337.420	 4.64397e+00	 1.00000e+05	 3.37420e+07	 0.00000e+00	 0.00000e+00	 6.65834e+03	 2.13034e+03
	     338.620	 4.65628e+00	 1.00000e+05	 3.38620e+07	 0.00000e+00	 0.00000e+00	 6.66033e+03	 2.10470e+03
	     339.220	 4.66250e+00	 1.00000e+05	 3.39220e+07	 0.00000e+00	 0.00000e+00	 6.66130e+03	 2.09137e+03
	     340.420	 4.67520e+00	 1.00000e+05	 3.40420e+07	 0.00000e+00	 0.00000e+00	 6.66328e+03	 2.06383e+03
	     342.420	 4.69710e+00	 1.00000e+05	 3.42420e+07	 0.00000e+00	 0.00000e+00	 6.66647e+03	 2.01606e+03
	     344.420	 4.71975e+00	 1.00000e+05	 3.44420e+07	 0.00000e+00	 0.00000e+00	 6.66949e+03	 1.96973e+03
	     346.420	 4.74309e+00	 1.00000e+05	 3.46420e+07	 0.00000e+00	 0.00000e+00	 6.67238e+03	 1.92727e+03
	     348.420	 4.76707e+00	 1.00000e+05	 3.48420e+07	 0.00000e+00	 0.00000e+00	 6.67515e+03	 1.88912e+03
	     350.420	 4.79160e+00	 1.00000e+05	 3.50420e+07	 0.00000e+00	 0.00000e+00	 6.67783e+03	 1.85545e+03
	     352.420	 4.81664e+00	 1.00000e+05	 3.52420e+07	 0.00000e+00	 0.00000e+00	 6.68038e+03	 1.82576e+03
	     354.420	 4.84212e+00	 1.00000e+05	 3.54420e+07	 0.00000e+00	 0.00000e+00	 6.68281e+03	 1.79956e+03
	     356.420	 4.86799e+00	 1.00000e+05	 3.56420e+07	 0.00000e+00	 0.00000e+00	 6.68511e+03	 1.77618e+03
	     358.420	 4.89420e+00	 1.00000e+05	 3.58420e+07	 0.00000e+00	 0.00000e+00	 6.68730e+03	 1.75576e+03
	     360.000	 4.91511e+00	 1.00000e+05	 3.60000e+07	 0.00000e+00	 0.00000e+00	 6.68892e+03	 1.74068e+03
	     362.000	 4.94188e+00	 1.00000e+05	 3.62000e+07	 0.00000e+00	 0.00000e+00	 6.69086e+03	 1.72288e+03
	     363.200	 4.95804e+00	 1.00000e+05	 3.63200e+07	 0.00000e+00	 0.00000e+00	 6.69194e+03	 1.71315e+03
	     365.600	 4.99074e+00	 1.00000e+05	 3.65600e+07	 0.00000e+00	 0.00000e+00	 6.69400e+03	 1.69493e+03
	     370.400	 5.05767e+00	 1.00000e+05	 3.70400e+07	 0.00000e+00	 0.00000e+00	 6.69742e+03	 1.65720e+03
	     375.400	 5.12892e+00	 1.00000e+05	 3.75400e+07	 0.00000e+00	 0.00000e+00	 6.70032e+03	 1.62183e+03
	     380.400	 5.20159e+00	 1.00000e+05	 3.80400e+07	 0.00000e+00	 0.00000e+00	 6.70261e+03	 1.58921e+03
	     385.400	 5.27560e+00	 1.00000e+05	 3.85400e+07	 0.00000e+00	 0.00000e+00	 6.70432e+03	 1.55863e+03
	     390.400	 5.35083e+00	 1.00000e+05	 3.90400e+07	 0.00000e+00	 0.00000e+00	 6.70552e+03	 1.53077e+03
	     395.400	 5.42716e+00	 1.00000e+05	 3.95400e+07	 0.00000e+00	 0.00000e+00	 6.70627e+03	 1.50575e+03
	     400.400	 5.50453e+00	 1.00000e+05	 4.00400e+07	 0.00000e+00	 0.00000e+00	 6.70658e+03	 1.48237e+03
	     405.400	 5.58285e+00	 1.00000e+05	 4.05400e+07	 0.00000e+00	 0.00000e+00	 6.70652e+03	 1.46064e+03
	     410.400	 5.66208e+00	 1.00000e+05	 4.10400e+07	 0.00000e+00	 0.00000e+00	 6.70614e+03	 1.43995e+03
	     415.400	 5.74223e+00	 1.00000e+05	 4.15400e+07	 0.00000e+00	 0.00000e+00	 6.70543e+03	 1.41940e+03
	     420.400	 5.82325e+00	 1.00000e+05	 4.20400e+07	 0.00000e+00	 0.00000e+00	 6.70443e+03	 1.39971e+03
	     425.400	 5.90510e+00	 1.00000e+05	 4.25400e+07	 0.00000e+00	 0.00000e+00	 6.70316e+03	 1.38093e+03
	     430.400	 5.98776e+00	 1.00000e+05	 4.30400e+07	 0.00000e+00	 0.00000e+00	 6.70159e+03	 1.36285e+03
	     435.400	 6.07123e+00	 1.00000e+05	 4.35400e+07	 0.00000e+00	 0.00000e+00	 6.69979e+03	 1.34490e+03
	     440.400	 6.15547e+00	 1.00000e+05	 4.40400e+07	 0.00000e+00	 0.00000e+00	 6.69769e+03	 1.32754e+03
	     445.400	 6.24046e+00	 1.00000e+05	 4.45400e+07	 0.00000e+00	 0.00000e+00	 6.69545e+03	 1.31075e+03
	     450.400	 6.32630e+00	 1.00000e+05	 4.50400e+07	 0.00000e+00	 0.00000e+00	 6.69301e+03	 1.29259e+03
	     455.400	 6.41284e+00	 1.00000e+05	 4.55400e+07	 0.00000e+00	 0.00000e+00	 6.69036e+03	 1.27686e+03
	     460.400	 6.50000e+00	 1.00000e+05	 4.60400e+07	 0.00000e+00	 0.00000e+00	 6.68753e+03	 1.26289e+03
	     465.400	 6.58772e+00	 1.00000e+05	 4.65400e+07	 0.00000e+00	 0.00000e+00	 6.68453e+03	 1.25011e+03
	     470.400	 6.67612e+00	 1.00000e+05	 4.70400e+07	 0.00000e+00	 0.00000e+00	 6.68131e+03	 1.23531e+03
	     475.400	 6.76522e+00	 1.00000e+05	 4.75400e+07	 0.00000e+00	 0.00000e+00	 6.67795e+03	 1.21981e+03
	     480.400	 6.85501e+00	 1.00000e+05	 4.80400e+07	 0.00000e+00	 0.00000e+00	 6.67447e+03	 1.20478e+03
	     485.400	 6.94544e+00	 1.00000e+05	 4.85400e+07	 0.00000e+00	 0.00000e+00	 6.67082e+03	 1.19078e+03
	     490.400	 7.03656e+00	 1.00000e+05	 4.90400e+07	 0.00000e+00	 0.00000e+00	 6.66702e+03	 1.17587e+03
	     495.400	 7.12825e+00	 1.00000e+05	 4.95400e+07	 0.00000e+00	 0.00000e+00	 6.66308e+03	 1.16320e+03
	     500.400	 7.22046e+00	 1.00000e+05	 5.00400e+07	 0.00000e+00	 0.00000e+00	 6.65898e+03	 1.15170e+03
	     505.400	 7.31326e+00	 1.00000e+05	 5.05400e+07	 0.00000e+00	 0.00000e+00	 6.65477e+03	 1.13875e+03
	     510.400	 7.40662e+00	 1.00000e+05	 5.10400e+07	 0.00000e+00	 0.00000e+00	 6.65044e+03	 1.12649e+03
	     515.400	 7.50059e+00	 1.00000e+05	 5.15400e+07	 0.00000e+00	 0.00000e+00	 6.64602e+03	 1.11312e+03
	     520.400	 7.59514e+00	 1.00000e+05	 5.20400e+07	 0.00000e+00	 0.00000e+00	 6.64147e+03	 1.10077e+03
	     525.400	 7.69028e+00	 1.00000e+05	 5.25400e+07	 0.00000e+00	 0.00000e+00	 6.63675e+03	 1.08785e+03
	     526.900	 7.71890e+00	 1.00000e+05	 5.26900e+07	 0.00000e+00	 0.00000e+00	 6.63537e+03	 1.08309e+03
	     529.900	 7.77631e+00	 1.00000e+05	 5.29900e+07	 0.00000e+00	 0.00000e+00	 6.63248e+03	 1.07637e+03
	     534.900	 7.87255e+00	 1.00000e+05	 5.34900e+07	 0.00000e+00	 0.00000e+00	 6.62758e+03	 1.06427e+03
	     539.900	 7.96937e+00	 1.00000e+05	 5.39900e+07	 0.00000e+00	 0.00000e+00	 6.62258e+03	 1.05181e+03
	     544.900	 8.06678e+00	 1.00000e+05	 5.44900e+07	 0.00000e+00	 0.00000e+00	 6.61753e+03	 1.03935e+03
	     549.900	 8.16472e+00	 1.00000e+05	 5.49900e+07	 0.00000e+00	 0.00000e+00	 6.61236e+03	 1.02791e+03
	     554.900	 8.26323e+00	 1.00000e+05	 5.54900e+07	 0.00000e+00	 0.00000e+00	 6.60710e+03	 1.01572e+03
	     559.900	 8.36230e+00	 1.00000e+05	 5.59900e+07	 0.00000e+00	 0.00000e+00	 6.60175e+03	 1.00375e+03
	     564.900	 8.46149e+00	 1.00000e+05	 5.64900e+07	 0.00000e+00	 0.00000e+00	 6.59632e+03	 1.00000e+03
	     569.900	 8.56059e+00	 1.00000e+05	 5.69900e+07	 0.00000e+00	 0.00000e+00	 6.59081e+03	 1.00000e+03
	     574.900	 8.65961e+00	 1.00000e+05	 5.74900e+07	 0.00000e+00	 0.00000e+00	 6.58523e+03	 1.00000e+03
	     579.900	 8.75854e+00	 1.00000e+05	 5.79900e+07	 0.00000e+00	 0.00000e+00	 6.57956e+03	 1.00000e+03
	     584.900	 8.85739e+00	 1.00000e+05	 5.84900e+07	 0.00000e+00	 0.00000e+00	 6.57388e+03	 1.00000e+03
	     586.400	 8.88703e+00	 1.00000e+05	 5.86400e+07	 0.00000e+00	 0.00000e+00	 6.57224e+03	 1.00000e+03
	     589.400	 8.94629e+00	 1.00000e+05	 5.89400e+07	 0.00000e+00	 0.00000e+00	 6.56878e+03	 1.00000e+03
	     590.900	 8.97591e+00	 1.00000e+05	 5.90900e+07	 0.00000e+00	 0.00000e+00	 6.56709e+03	 1.00000e+03
	     593.900	 9.03512e+00	 1.00000e+05	 5.93900e+07	 0.00000e+00	 0.00000e+00	 6.56361e+03	 1.00000e+03
	     595.400	 9.06471e+00	 1.00000e+05	 5.95400e+07	 0.00000e+00	 0.00000e+00	 6.56192e+03	 1.00000e+03
	     598.400	 9.12387e+00	 1.00000e+05	 5.98400e+07	 0.00000e+00	 0.00000e+00	 6.55842e+03	 1.00000e+03
	     599.900	 9.15344e+00	 1.00000e+05	 5.99900e+07	 0.00000e+00	 0.00000e+00	 6.55672e+03	 1.00000e+03
	     602.900	 9.21256e+00	 1.00000e+05	 6.02900e+07	 0.00000e+00	 0.00000e+00	 6.55320e+03	 1.00000e+03
	     607.900	 9.31099e+00	 1.00000e+05	 6.07900e+07	 0.00000e+00	 0.00000e+00	 6.54732e+03	 1.00000e+03
	     609.400	 9.34051e+00	 1.00000e+05	 6.09400e+07	 0.00000e+00	 0.00000e+00	 6.54563e+03	 1.00000e+03
	     612.400	 9.39952e+00	 1.00000e+05	 6.12400e+07	 0.00000e+00	 0.00000e+00	 6.54206e+03	 1.00000e+03
	     613.900	 9.42902e+00	 1.00000e+05	 6.13900e+07	 0.00000e+00	 0.00000e+00	 6.54033e+03	 1.00000e+03
	     616.900	 9.48798e+00	 1.00000e+05	 6.16900e+07	 0.00000e+00	 0.00000e+00	 6.53675e+03	 1.00000e+03
	     618.400	 9.51745e+00	 1.00000e+05	 6.18400e+07	 0.00000e+00	 0.00000e+00	 6.53502e+03	 1.00000e+03
	     621.400	 9.57636e+00	 1.00000e+05	 6.21400e+07	 0.00000e+00	 0.00000e+00	 6.53144e+03	 1.00000e+03
	     626.400	 9.67445e+00	 1.00000e+05	 6.26400e+07	 0.00000e+00	 0.00000e+00	 6.52546e+03	 1.00000e+03
	     627.900	 9.70387e+00	 1.00000e+05	 6.27900e+07	 0.00000e+00	 0.00000e+00	 6.52376e+03	 1.00000e+03
	     630.900	 9.76268e+00	 1.00000e+05	 6.30900e+07	 0.00000e+00	 0.00000e+00	 6.52014e+03	 1.00000e+03
	     635.900	 9.86062e+00	 1.00000e+05	 6.35900e+07	 0.00000e+00	 0.00000e+00	 6.51409e+03	 1.00000e+03
	     640.900	 9.95851e+00	 1.00000e+05	 6.40900e+07	 0.00000e+00	 0.00000e+00	 6.50800e+03	 1.00000e+03
	     645.900	 1.00563e+01	 1.00000e+05	 6.45900e+07	 0.00000e+00	 0.00000e+00	 6.50187e+03	 1.00000e+03
	     650.900	 1.01541e+01	 1.00000e+05	 6.50900e+07	 0.00000e+00	 0.00000e+00	 6.49564e+03	 1.00000e+03
	     655.900	 1.02518e+01	 1.00000e+05	 6.55900e+07	 0.00000e+00	 0.00000e+00	 6.48932e+03	 1.00000e+03
	     660.900	 1.03495e+01	 1.00000e+05	 6.60900e+07	 0.00000e+00	 0.00000e+00	 6.48291e+03	 1.00000e+03
	     662.400	 1.03787e+01	 1.00000e+05	 6.62400e+07	 0.00000e+00	 0.00000e+00	 6.48102e+03	 1.00000e+03
	     665.400	 1.04373e+01	 1.00000e+05	 6.65400e+07	 0.00000e+00	 0.00000e+00	 6.47707e+03	 1.00000e+03
	     670.400	 1.05348e+01	 1.00000e+05	 6.70400e+07	 0.00000e+00	 0.00000e+00	 6.47043e+03	 1.00000e+03
	     675.400	 1.06323e+01	 1.00000e+05	 6.75400e+07	 0.00000e+00	 0.00000e+00	 6.46378e+03	 1.00000e+03
	     680.400	 1.07297e+01	 1.00000e+05	 6.80400e+07	 0.00000e+00	 0.00000e+00	 6.45710e+03	 1.00000e+03
	     685.400	 1.08270e+01	 1.00000e+05	 6.85400e+07	 0.00000e+00	 0.00000e+00	 6.45038e+03	 1.00000e+03
	     690.400	 1.09243e+01	 1.00000e+05	 6.90400e+07	 0.00000e+00	 0.00000e+00	 6.44366e+03	 1.00000e+03
	     695.400	 1.10215e+01	 1.00000e+05	 6.95400e+07	 0.00000e+00	 0.00000e+00	 6.43689e+03	 1.00000e+03
	     700.400	 1.11186e+01	 1.00000e+05	 7.00400e+07	 0.00000e+00	 0.00000e+00	 6.43008e+03	 1.00000e+03
	     705.400	 1.12157e+01	 1.00000e+05	 7.05400e+07	 0.00000e+00	 0.00000e+00	 6.42325e+03	 1.00000e+03
	     710.400	 1.13127e+01	 1.00000e+05	 7.10400e+07	 0.00000e+00	 0.00000e+00	 6.41638e+03	 1.00000e+03
	     715.400	 1.14097e+01	 1.00000e+05	 7.15400e+07	 0.00000e+00	 0.00000e+00	 6.40951e+03	 1.00000e+03
	     720.000	 1.14988e+01	 1.00000e+05	 7.20000e+07	 0.00000e+00	 0.00000e+00	 6.40318e+03	 1.00000e+03
	     725.000	 1.15956e+01	 1.00000e+05	 7.25000e+07	 0.00000e+00	 0.00000e+00	 6.39626e+03	 1.00000e+03
	     735.000	 1.17890e+01	 1.00000e+05	 7.35000e+07	 0.00000e+00	 0.00000e+00	 6.38229e+03	 1.00000e+03
	     745.000	 1.19822e+01	 1.00000e+05	 7.45000e+07	 0.00000e+00	 0.00000e+00	 6.36847e+03	 1.00000e+03
	     745.900	 1.19996e+01	 1.00000e+05	 7.45900e+07	 0.00000e+00	 0.00000e+00	 6.36738e+03	 1.00000e+03
	     747.700	 1.20343e+01	 1.00000e+05	 7.47700e+07	 0.00000e+00	 0.00000e+00	 6.36486e+03	 1.00000e+03
	     751.300	 1.21038e+01	 1.00000e+05	 7.51300e+07	 0.00000e+00	 0.00000e+00	 6.35983e+03	 1.00000e+03
	     758.500	 1.22427e+01	 1.00000e+05	 7.58500e+07	 0.00000e+00	 0.00000e+00	 6.34976e+03	 1.00000e+03
	     768.500	 1.24352e+01	 1.00000e+05	 7.68500e+07	 0.00000e+00	 0.00000e+00	 6.33584e+03	 1.00000e+03
	     778.500	 1.26276e+01	 1.00000e+05	 7.78500e+07	 0.00000e+00	 0.00000e+00	 6.32199e+03	 1.00000e+03
	     788.500	 1.28197e+01	 1.00000e+05	 7.88500e+07	 0.00000e+00	 0.00000e+00	 6.30811e+03	 1.00000e+03
	     798.500	 1.30116e+01	 1.00000e+05	 7.98500e+07	 0.00000e+00	 0.00000e+00	 6.29424e+03	 1.00000e+03
	     808.500	 1.32032e+01	 1.00000e+05	 8.08500e+07	 0.00000e+00	 0.00000e+00	 6.28038e+03	 1.00000e+03
	     818.500	 1.33947e+01	 1.00000e+05	 8.18500e+07	 0.00000e+00	 0.00000e+00	 6.26654e+03	 1.00000e+03
	     828.500	 1.35858e+01	 1.00000e+05	 8.28500e+07	 0.00000e+00	 0.00000e+00	 6.25272e+03	 1.00000e+03
	     838.500	 1.37768e+01	 1.00000e+05	 8.38500e+07	 0.00000e+00	 0.00000e+00	 6.23891e+03	 1.00000e+03
	     848.500	 1.39676e+01	 1.00000e+05	 8.48500e+07	 0.00000e+00	 0.00000e+00	 6.22512e+03	 1.00000e+03
	     858.500	 1.41581e+01	 1.00000e+05	 8.58500e+07	 0.00000e+00	 0.00000e+00	 6.21134e+03	 1.00000e+03
	     868.500	 1.43484e+01	 1.00000e+05	 8.68500e+07	 0.00000e+00	 0.00000e+00	 6.19762e+03	 1.00000e+03
	     878.500	 1.45385e+01	 1.00000e+05	 8.78500e+07	 0.00000e+00	 0.00000e+00	 6.18393e+03	 1.00000e+03
	     888.500	 1.47284e+01	 1.00000e+05	 8.88500e+07	 0.00000e+00	 0.00000e+00	 6.17031e+03	 1.00000e+03
	     889.400	 1.47455e+01	 1.00000e+05	 8.89400e+07	 0.00000e+00	 0.00000e+00	 6.16928e+03	 1.00000e+03
	     891.200	 1.47796e+01	 1.00000e+05	 8.91200e+07	 0.00000e+00	 0.00000e+00	 6.16677e+03	 1.00000e+03
	     894.800	 1.48479e+01	 1.00000e+05	 8.94800e+07	 0.00000e+00	 0.00000e+00	 6.16180e+03	 1.00000e+03
	     902.000	 1.49845e+01	 1.00000e+05	 9.02000e+07	 0.00000e+00	 0.00000e+00	 6.15194e+03	 1.00000e+03
	     912.000	 1.51738e+01	 1.00000e+05	 9.12000e+07	 0.00000e+00	 0.00000e+00	 6.13835e+03	 1.00000e+03
	     922.000	 1.53630e+01	 1.00000e+05	 9.22000e+07	 0.00000e+00	 0.00000e+00	 6.12485e+03	 1.00000e+03
	     932.000	 1.55519e+01	 1.00000e+05	 9.32000e+07	 0.00000e+00	 0.00000e+00	 6.11142e+03	 1.00000e+03
	     942.000	 1.57407e+01	 1.00000e+05	 9.42000e+07	 0.00000e+00	 0.00000e+00	 6.09803e+03	 1.00000e+03
	     952.000	 1.59292e+01	 1.00000e+05	 9.52000e+07	 0.00000e+00	 0.00000e+00	 6.08470e+03	 1.00000e+03
	     962.000	 1.61175e+01	 1.00000e+05	 9.62000e+07	 0.00000e+00	 0.00000e+00	 6.07143e+03	 1.00000e+03
	     972.000	 1.63057e+01	 1.00000e+05	 9.72000e+07	 0.00000e+00	 0.00000e+00	 6.05821e+03	 1.00000e+03
	     982.000	 1.64936e+01	 1.00000e+05	 9.82000e+07	 0.00000e+00	 0.00000e+00	 6.04506e+03	 1.00000e+03
	     992.000	 1.66813e+01	 1.00000e+05	 9.92000e+07	 0.00000e+00	 0.00000e+00	 6.03197e+03	 1.00000e+03
	    1002.000	 1.68688e+01	 1.00000e+05	 1.00200e+08	 0.00000e+00	 0.00000e+00	 6.01894e+03	 1.00000e+03
	    1012.000	 1.70561e+01	 1.00000e+05	 1.01200e+08	 0.00000e+00	 0.00000e+00	 6.00597e+03	 1.00000e+03
	    1022.000	 1.72432e+01	 1.00000e+05	 1.02200e+08	 0.00000e+00	 0.00000e+00	 5.99306e+03	 1.00000e+03
	    1032.000	 1.74301e+01	 1.00000e+05	 1.03200e+08	 0.00000e+00	 0.00000e+00	 5.98025e+03	 1.00000e+03
	    1042.000	 1.76169e+01	 1.00000e+05	 1.04200e+08	 0.00000e+00	 0.00000e+00	 5.96752e+03	 1.00000e+03
	    1052.000	 1.78034e+01	 1.00000e+05	 1.05200e+08	 0.00000e+00	 0.00000e+00	 5.95488e+03	 1.00000e+03
	    1062.000	 1.79897e+01	 1.00000e+05	 1.06200e+08	 0.00000e+00	 0.00000e+00	 5.94233e+03	 1.00000e+03
	    1072.000	 1.81758e+01	 1.00000e+05	 1.07200e+08	 0.00000e+00	 0.00000e+00	 5.92986e+03	 1.00000e+03
	    1080.000	 1.83246e+01	 1.00000e+05	 1.08000e+08	 0.00000e+00	 0.00000e+00	 5.92000e+03	 1.00000e+03
	    1090.000	 1.85103e+01	 1.00000e+05	 1.09000e+08	 0.00000e+00	 0.00000e+00	 5.90767e+03	 1.00000e+03
	    1110.000	 1.88810e+01	 1.00000e+05	 1.11000e+08	 0.00000e+00	 0.00000e+00	 5.88313e+03	 1.00000e+03
	    1150.000	 1.96193e+01	 1.00000e+05	 1.15000e+08	 0.00000e+00	 0.00000e+00	 5.83488e+03	 1.00000e+03
	    1190.000	 2.03545e+01	 1.00000e+05	 1.19000e+08	 0.00000e+00	 0.00000e+00	 5.78794e+03	 1.00000e+03
	    1230.000	 2.10864e+01	 1.00000e+05	 1.23000e+08	 0.00000e+00	 0.00000e+00	 5.74206e+03	 1.00000e+03
	    1270.000	 2.18151e+01	 1.00000e+05	 1.27000e+08	 0.00000e+00	 0.00000e+00	 5.69748e+03	 1.00000e+03
	    1310.000	 2.25407e+01	 1.00000e+05	 1.31000e+08	 0.00000e+00	 0.00000e+00	 5.65449e+03	 1.00000e+03
	    1350.000	 2.32632e+01	 1.00000e+05	 1.35000e+08	 0.00000e+00	 0.00000e+00	 5.61363e+03	 1.00000e+03
	    1390.000	 2.39824e+01	 1.00000e+05	 1.39000e+08	 0.00000e+00	 0.00000e+00	 5.57501e+03	 1.00000e+03
	    1430.000	 2.46986e+01	 1.00000e+05	 1.43000e+08	 0.00000e+00	 0.00000e+00	 5.53845e+03	 1.00000e+03
	    1440.000	 2.48774e+01	 1.00000e+05	 1.44000e+08	 0.00000e+00	 0.00000e+00	 5.53001e+03	 1.00000e+03
	    1460.000	 2.52343e+01	 1.00000e+05	 1.46000e+08	 0.00000e+00	 0.00000e+00	 5.51230e+03	 1.00000e+03
	    1500.000	 2.59449e+01	 1.00000e+05	 1.50000e+08	 0.00000e+00	 0.00000e+00	 5.47793e+03	 1.00000e+03
	    1540.000	 2.66524e+01	 1.00000e+05	 1.54000e+08	 0.00000e+00	 0.00000e+00	 5.44542e+03	 1.00000e+03
	    1580.000	 2.73569e+01	 1.00000e+05	 1.58000e+08	 0.00000e+00	 0.00000e+00	 5.41459e+03	 1.00000e+03
	    1620.000	 2.80584e+01	 1.00000e+05	 1.62000e+08	 0.00000e+00	 0.00000e+00	 5.38477e+03	 1.00000e+03
	    1660.000	 2.87569e+01	 1.00000e+05	 1.66000e+08	 0.00000e+00	 0.00000e+00	 5.35571e+03	 1.00000e+03
	    1680.000	 2.91054e+01	 1.00000e+05	 1.68000e+08	 0.00000e+00	 0.00000e+00	 5.34165e+03	 1.00000e+03
	    1720.000	 2.97995e+01	 1.00000e+05	 1.72000e+08	 0.00000e+00	 0.00000e+00	 5.31323e+03	 1.00000e+03
	    1740.000	 3.01458e+01	 1.00000e+05	 1.74000e+08	 0.00000e+00	 0.00000e+00	 5.29955e+03	 1.00000e+03
	    1780.000	 3.08355e+01	 1.00000e+05	 1.78000e+08	 0.00000e+00	 0.00000e+00	 5.27178e+03	 1.00000e+03
	    1800.000	 3.11796e+01	 1.00000e+05	 1.80000e+08	 0.00000e+00	 0.00000e+00	 5.25829e+03	 1.00000e+03
	    1840.000	 3.18650e+01	 1.00000e+05	 1.84000e+08	 0.00000e+00	 0.00000e+00	 5.23059e+03	 1.00000e+03
	    1880.000	 3.25475e+01	 1.00000e+05	 1.88000e+08	 0.00000e+00	 0.00000e+00	 5.20305e+03	 1.00000e+03
	    1920.000	 3.32272e+01	 1.00000e+05	 1.92000e+08	 0.00000e+00	 0.00000e+00	 5.17534e+03	 1.00000e+03
	    1960.000	 3.39041e+01	 1.00000e+05	 1.96000e+08	 0.00000e+00	 0.00000e+00	 5.14766e+03	 1.00000e+03
	    2000.000	 3.45782e+01	 1.00000e+05	 2.00000e+08	 0.00000e+00	 0.00000e+00	 5.12006e+03	 1.00000e+03
	    2040.000	 3.52496e+01	 1.00000e+05	 2.04000e+08	 0.00000e+00	 0.00000e+00	 5.09263e+03	 1.00000e+03
	    2080.000	 3.59182e+01	 1.00000e+05	 2.08000e+08	 0.00000e+00	 0.00000e+00	 5.06547e+03	 1.00000e+03
	    2120.000	 3.65841e+01	 1.00000e+05	 2.12000e+08	 0.00000e+00	 0.00000e+00	 5.03878e+03	 1.00000e+03
	    2160.000	 3.72472e+01	 1.00000e+05	 2.16000e+08	 0.00000e+00	 0.00000e+00	 5.01259e+03	 1.00000e+03
	    2200.000	 3.79078e+01	 1.00000e+05	 2.20000e+08	 0.00000e+00	 0.00000e+00	 4.98695e+03	 1.00000e+03
	    2240.000	 3.85656e+01	 1.00000e+05	 2.24000e+08	 0.00000e+00	 0.00000e+00	 4.96244e+03	 1.00000e+03
	    2280.000	 3.92209e+01	 1.00000e+05	 2.28000e+08	 0.00000e+00	 0.00000e+00	 4.93849e+03	 1.00000e+03
	    2320.000	 3.98736e+01	 1.00000e+05	 2.32000e+08	 0.00000e+00	 0.00000e+00	 4.91518e+03	 1.00000e+03
	    2360.000	 4.05237e+01	 1.00000e+05	 2.36000e+08	 0.00000e+00	 0.00000e+00	 4.89234e+03	 1.00000e+03
	    2400.000	 4.11712e+01	 1.00000e+05	 2.40000e+08	 0.00000e+00	 0.00000e+00	 4.86999e+03	 1.00000e+03
	    2440.000	 4.18162e+01	 1.00000e+05	 2.44000e+08	 0.00000e+00	 0.00000e+00	 4.84806e+03	 1.00000e+03
	    2480.000	 4.24587e+01	 1.00000e+05	 2.48000e+08	 0.00000e+00	 0.00000e+00	 4.82645e+03	 1.00000e+03
	    2520.000	 4.30987e+01	 1.00000e+05	 2.52000e+08	 0.00000e+00	 0.00000e+00	 4.80515e+03	 1.00000e+03
	    2560.000	 4.37361e+01	 1.00000e+05	 2.56000e+08	 0.00000e+00	 0.00000e+00	 4.78419e+03	 1.00000e+03
	    2600.000	 4.43710e+01	 1.00000e+05	 2.60000e+08	 0.00000e+00	 0.00000e+00	 4.76352e+03	 1.00000e+03
	    2640.000	 4.50035e+01	 1.00000e+05	 2.64000e+08	 0.00000e+00	 0.00000e+00	 4.74327e+03	 1.00000e+03
	    2680.000	 4.56335e+01	 1.00000e+05	 2.68000e+08	 0.00000e+00	 0.00000e+00	 4.72354e+03	 1.00000e+03
	    2720.000	 4.62612e+01	 1.00000e+05	 2.72000e+08	 0.00000e+00	 0.00000e+00	 4.70430e+03	 1.00000e+03
	    2760.000	 4.68865e+01	 1.00000e+05	 2.76000e+08	 0.00000e+00	 0.00000e+00	 4.68561e+03	 1.00000e+03
	    2800.000	 4.75095e+01	 1.00000e+05	 2.80000e+08	 0.00000e+00	 0.00000e+00	 4.66753e+03	 1.00000e+03
	    2840.000	 4.81303e+01	 1.00000e+05	 2.84000e+08	 0.00000e+00	 0.00000e+00	 4.65002e+03	 1.00000e+03
	    2880.000	 4.87489e+01	 1.00000e+05	 2.88000e+08	 0.00000e+00	 0.00000e+00	 4.63316e+03	 1.00000e+03
	    2920.000	 4.93654e+01	 1.00000e+05	 2.92000e+08	 0.00000e+00	 0.00000e+00	 4.61703e+03	 1.00000e+03
	    2960.000	 4.99798e+01	 1.00000e+05	 2.96000e+08	 0.00000e+00	 0.00000e+00	 4.60172e+03	 1.00000e+03
	    3000.000	 5.05922e+01	 1.00000e+05	 3.00000e+08	 0.00000e+00	 0.00000e+00	 4.58738e+03	 1.00000e+03
	    3040.000	 5.12025e+01	 1.00000e+05	 3.04000e+08	 0.00000e+00	 0.00000e+00	 4.57397e+03	 1.00000e+03
	    3080.000	 5.18109e+01	 1.00000e+05	 3.08000e+08	 0.00000e+00	 0.00000e+00	 4.56123e+03	 1.00000e+03
	    3120.000	 5.24173e+01	 1.00000e+05	 3.12000e+08	 0.00000e+00	 0.00000e+00	 4.54892e+03	 1.00000e+03
	    3160.000	 5.30217e+01	 1.00000e+05	 3.16000e+08	 0.00000e+00	 0.00000e+00	 4.53690e+03	 1.00000e+03
	    3200.000	 5.36241e+01	 1.00000e+05	 3.20000e+08	 0.00000e+00	 0.00000e+00	 4.52507e+03	 1.00000e+03
	    3240.000	 5.42245e+01	 1.00000e+05	 3.24000e+08	 0.00000e+00	 0.00000e+00	 4.51332e+03	 1.00000e+03
	    3280.000	 5.48230e+01	 1.00000e+05	 3.28000e+08	 0.00000e+00	 0.00000e+00	 4.50158e+03	 1.00000e+03
	    3320.000	 5.54196e+01	 1.00000e+05	 3.32000e+08	 0.00000e+00	 0.00000e+00	 4.48983e+03	 1.00000e+03
	    3360.000	 5.60143e+01	 1.00000e+05	 3.36000e+08	 0.00000e+00	 0.00000e+00	 4.47802e+03	 1.00000e+03
	    3400.000	 5.66071e+01	 1.00000e+05	 3.40000e+08	 0.00000e+00	 0.00000e+00	 4.46615e+03	 1.00000e+03
	    3440.000	 5.71979e+01	 1.00000e+05	 3.44000e+08	 0.00000e+00	 0.00000e+00	 4.45418e+03	 1.00000e+03
	    3480.000	 5.77867e+01	 1.00000e+05	 3.48000e+08	 0.00000e+00	 0.00000e+00	 4.44203e+03	 1.00000e+03
	    3520.000	 5.83734e+01	 1.00000e+05	 3.52000e+08	 0.00000e+00	 0.00000e+00	 4.42968e+03	 1.00000e+03
	    3560.000	 5.89581e+01	 1.00000e+05	 3.56000e+08	 0.00000e+00	 0.00000e+00	 4.41711e+03	 1.00000e+03
	    3600.000	 5.95407e+01	 1.00000e+05	 3.60000e+08	 0.00000e+00	 0.00000e+00	 4.40428e+03	 1.00000e+03

